[2024-08-22T14:18:06.668+0000] {processor.py:161} INFO - Started process (PID=70) to work on /home/airflow/.local/lib/python3.12/site-packages/airflow/example_dags/example_bash_operator.py
[2024-08-22T14:18:06.671+0000] {processor.py:830} INFO - Processing file /home/airflow/.local/lib/python3.12/site-packages/airflow/example_dags/example_bash_operator.py for tasks to queue
[2024-08-22T14:18:06.674+0000] {logging_mixin.py:188} INFO - [2024-08-22T14:18:06.673+0000] {dagbag.py:545} INFO - Filling up the DagBag from /home/airflow/.local/lib/python3.12/site-packages/airflow/example_dags/example_bash_operator.py
[2024-08-22T14:18:06.699+0000] {processor.py:840} INFO - DAG(s) 'example_bash_operator' retrieved from /home/airflow/.local/lib/python3.12/site-packages/airflow/example_dags/example_bash_operator.py
[2024-08-22T14:18:06.936+0000] {logging_mixin.py:188} INFO - [2024-08-22T14:18:06.935+0000] {dag.py:3089} INFO - Sync 1 DAGs
[2024-08-22T14:18:06.971+0000] {logging_mixin.py:188} INFO - [2024-08-22T14:18:06.970+0000] {dag.py:3947} INFO - Setting next_dagrun for example_bash_operator to 2024-08-21 00:00:00+00:00, run_after=2024-08-22 00:00:00+00:00
[2024-08-22T14:18:07.017+0000] {processor.py:183} INFO - Processing /home/airflow/.local/lib/python3.12/site-packages/airflow/example_dags/example_bash_operator.py took 0.357 seconds
[2024-08-22T14:18:41.405+0000] {processor.py:161} INFO - Started process (PID=122) to work on /home/airflow/.local/lib/python3.12/site-packages/airflow/example_dags/example_bash_operator.py
[2024-08-22T14:18:41.409+0000] {processor.py:830} INFO - Processing file /home/airflow/.local/lib/python3.12/site-packages/airflow/example_dags/example_bash_operator.py for tasks to queue
[2024-08-22T14:18:41.411+0000] {logging_mixin.py:188} INFO - [2024-08-22T14:18:41.411+0000] {dagbag.py:545} INFO - Filling up the DagBag from /home/airflow/.local/lib/python3.12/site-packages/airflow/example_dags/example_bash_operator.py
[2024-08-22T14:18:41.432+0000] {processor.py:840} INFO - DAG(s) 'example_bash_operator' retrieved from /home/airflow/.local/lib/python3.12/site-packages/airflow/example_dags/example_bash_operator.py
[2024-08-22T14:18:41.487+0000] {logging_mixin.py:188} INFO - [2024-08-22T14:18:41.487+0000] {dag.py:3089} INFO - Sync 1 DAGs
[2024-08-22T14:18:41.532+0000] {logging_mixin.py:188} INFO - [2024-08-22T14:18:41.531+0000] {dag.py:3947} INFO - Setting next_dagrun for example_bash_operator to 2024-08-21 00:00:00+00:00, run_after=2024-08-22 00:00:00+00:00
[2024-08-22T14:18:41.578+0000] {processor.py:183} INFO - Processing /home/airflow/.local/lib/python3.12/site-packages/airflow/example_dags/example_bash_operator.py took 0.182 seconds
[2024-08-22T14:19:18.421+0000] {processor.py:161} INFO - Started process (PID=174) to work on /home/airflow/.local/lib/python3.12/site-packages/airflow/example_dags/example_bash_operator.py
[2024-08-22T14:19:18.424+0000] {processor.py:830} INFO - Processing file /home/airflow/.local/lib/python3.12/site-packages/airflow/example_dags/example_bash_operator.py for tasks to queue
[2024-08-22T14:19:18.432+0000] {logging_mixin.py:188} INFO - [2024-08-22T14:19:18.431+0000] {dagbag.py:545} INFO - Filling up the DagBag from /home/airflow/.local/lib/python3.12/site-packages/airflow/example_dags/example_bash_operator.py
[2024-08-22T14:19:18.457+0000] {processor.py:840} INFO - DAG(s) 'example_bash_operator' retrieved from /home/airflow/.local/lib/python3.12/site-packages/airflow/example_dags/example_bash_operator.py
[2024-08-22T14:19:18.523+0000] {logging_mixin.py:188} INFO - [2024-08-22T14:19:18.523+0000] {dag.py:3089} INFO - Sync 1 DAGs
[2024-08-22T14:19:18.574+0000] {logging_mixin.py:188} INFO - [2024-08-22T14:19:18.573+0000] {dag.py:3947} INFO - Setting next_dagrun for example_bash_operator to 2024-08-21 00:00:00+00:00, run_after=2024-08-22 00:00:00+00:00
[2024-08-22T14:19:18.632+0000] {processor.py:183} INFO - Processing /home/airflow/.local/lib/python3.12/site-packages/airflow/example_dags/example_bash_operator.py took 0.221 seconds
