[2024-08-22T14:18:02.051+0000] {processor.py:161} INFO - Started process (PID=51) to work on /home/airflow/.local/lib/python3.12/site-packages/airflow/example_dags/example_sensor_decorator.py
[2024-08-22T14:18:02.053+0000] {processor.py:830} INFO - Processing file /home/airflow/.local/lib/python3.12/site-packages/airflow/example_dags/example_sensor_decorator.py for tasks to queue
[2024-08-22T14:18:02.058+0000] {logging_mixin.py:188} INFO - [2024-08-22T14:18:02.057+0000] {dagbag.py:545} INFO - Filling up the DagBag from /home/airflow/.local/lib/python3.12/site-packages/airflow/example_dags/example_sensor_decorator.py
[2024-08-22T14:18:02.075+0000] {processor.py:840} INFO - DAG(s) 'example_sensor_decorator' retrieved from /home/airflow/.local/lib/python3.12/site-packages/airflow/example_dags/example_sensor_decorator.py
[2024-08-22T14:18:02.303+0000] {logging_mixin.py:188} INFO - [2024-08-22T14:18:02.303+0000] {dag.py:3089} INFO - Sync 1 DAGs
[2024-08-22T14:18:02.337+0000] {logging_mixin.py:188} INFO - [2024-08-22T14:18:02.336+0000] {dag.py:3947} INFO - Setting next_dagrun for example_sensor_decorator to None, run_after=None
[2024-08-22T14:18:02.402+0000] {processor.py:183} INFO - Processing /home/airflow/.local/lib/python3.12/site-packages/airflow/example_dags/example_sensor_decorator.py took 0.358 seconds
[2024-08-22T14:18:38.803+0000] {processor.py:161} INFO - Started process (PID=109) to work on /home/airflow/.local/lib/python3.12/site-packages/airflow/example_dags/example_sensor_decorator.py
[2024-08-22T14:18:38.811+0000] {processor.py:830} INFO - Processing file /home/airflow/.local/lib/python3.12/site-packages/airflow/example_dags/example_sensor_decorator.py for tasks to queue
[2024-08-22T14:18:38.815+0000] {logging_mixin.py:188} INFO - [2024-08-22T14:18:38.814+0000] {dagbag.py:545} INFO - Filling up the DagBag from /home/airflow/.local/lib/python3.12/site-packages/airflow/example_dags/example_sensor_decorator.py
[2024-08-22T14:18:38.824+0000] {processor.py:840} INFO - DAG(s) 'example_sensor_decorator' retrieved from /home/airflow/.local/lib/python3.12/site-packages/airflow/example_dags/example_sensor_decorator.py
[2024-08-22T14:18:38.856+0000] {logging_mixin.py:188} INFO - [2024-08-22T14:18:38.855+0000] {dag.py:3089} INFO - Sync 1 DAGs
[2024-08-22T14:18:38.878+0000] {logging_mixin.py:188} INFO - [2024-08-22T14:18:38.877+0000] {dag.py:3947} INFO - Setting next_dagrun for example_sensor_decorator to None, run_after=None
[2024-08-22T14:18:38.938+0000] {processor.py:183} INFO - Processing /home/airflow/.local/lib/python3.12/site-packages/airflow/example_dags/example_sensor_decorator.py took 0.146 seconds
[2024-08-22T14:19:09.278+0000] {processor.py:161} INFO - Started process (PID=161) to work on /home/airflow/.local/lib/python3.12/site-packages/airflow/example_dags/example_sensor_decorator.py
[2024-08-22T14:19:09.282+0000] {processor.py:830} INFO - Processing file /home/airflow/.local/lib/python3.12/site-packages/airflow/example_dags/example_sensor_decorator.py for tasks to queue
[2024-08-22T14:19:09.286+0000] {logging_mixin.py:188} INFO - [2024-08-22T14:19:09.285+0000] {dagbag.py:545} INFO - Filling up the DagBag from /home/airflow/.local/lib/python3.12/site-packages/airflow/example_dags/example_sensor_decorator.py
[2024-08-22T14:19:09.297+0000] {processor.py:840} INFO - DAG(s) 'example_sensor_decorator' retrieved from /home/airflow/.local/lib/python3.12/site-packages/airflow/example_dags/example_sensor_decorator.py
[2024-08-22T14:19:09.339+0000] {logging_mixin.py:188} INFO - [2024-08-22T14:19:09.338+0000] {dag.py:3089} INFO - Sync 1 DAGs
[2024-08-22T14:19:09.368+0000] {logging_mixin.py:188} INFO - [2024-08-22T14:19:09.367+0000] {dag.py:3947} INFO - Setting next_dagrun for example_sensor_decorator to None, run_after=None
[2024-08-22T14:19:09.411+0000] {processor.py:183} INFO - Processing /home/airflow/.local/lib/python3.12/site-packages/airflow/example_dags/example_sensor_decorator.py took 0.146 seconds
