[2024-08-22T14:18:09.975+0000] {processor.py:161} INFO - Started process (PID=81) to work on /home/airflow/.local/lib/python3.12/site-packages/airflow/example_dags/example_external_task_marker_dag.py
[2024-08-22T14:18:09.978+0000] {processor.py:830} INFO - Processing file /home/airflow/.local/lib/python3.12/site-packages/airflow/example_dags/example_external_task_marker_dag.py for tasks to queue
[2024-08-22T14:18:09.981+0000] {logging_mixin.py:188} INFO - [2024-08-22T14:18:09.980+0000] {dagbag.py:545} INFO - Filling up the DagBag from /home/airflow/.local/lib/python3.12/site-packages/airflow/example_dags/example_external_task_marker_dag.py
[2024-08-22T14:18:09.991+0000] {processor.py:840} INFO - DAG(s) 'example_external_task_marker_parent', 'example_external_task_marker_child' retrieved from /home/airflow/.local/lib/python3.12/site-packages/airflow/example_dags/example_external_task_marker_dag.py
[2024-08-22T14:18:10.231+0000] {logging_mixin.py:188} INFO - [2024-08-22T14:18:10.230+0000] {dag.py:3089} INFO - Sync 2 DAGs
[2024-08-22T14:18:10.273+0000] {logging_mixin.py:188} INFO - [2024-08-22T14:18:10.272+0000] {dag.py:3947} INFO - Setting next_dagrun for example_external_task_marker_child to None, run_after=None
[2024-08-22T14:18:10.286+0000] {logging_mixin.py:188} INFO - [2024-08-22T14:18:10.285+0000] {dag.py:3947} INFO - Setting next_dagrun for example_external_task_marker_parent to None, run_after=None
[2024-08-22T14:18:10.331+0000] {processor.py:183} INFO - Processing /home/airflow/.local/lib/python3.12/site-packages/airflow/example_dags/example_external_task_marker_dag.py took 0.363 seconds
[2024-08-22T14:18:43.500+0000] {processor.py:161} INFO - Started process (PID=133) to work on /home/airflow/.local/lib/python3.12/site-packages/airflow/example_dags/example_external_task_marker_dag.py
[2024-08-22T14:18:43.502+0000] {processor.py:830} INFO - Processing file /home/airflow/.local/lib/python3.12/site-packages/airflow/example_dags/example_external_task_marker_dag.py for tasks to queue
[2024-08-22T14:18:43.505+0000] {logging_mixin.py:188} INFO - [2024-08-22T14:18:43.505+0000] {dagbag.py:545} INFO - Filling up the DagBag from /home/airflow/.local/lib/python3.12/site-packages/airflow/example_dags/example_external_task_marker_dag.py
[2024-08-22T14:18:43.514+0000] {processor.py:840} INFO - DAG(s) 'example_external_task_marker_parent', 'example_external_task_marker_child' retrieved from /home/airflow/.local/lib/python3.12/site-packages/airflow/example_dags/example_external_task_marker_dag.py
[2024-08-22T14:18:43.563+0000] {logging_mixin.py:188} INFO - [2024-08-22T14:18:43.562+0000] {dag.py:3089} INFO - Sync 2 DAGs
[2024-08-22T14:18:43.590+0000] {logging_mixin.py:188} INFO - [2024-08-22T14:18:43.590+0000] {dag.py:3947} INFO - Setting next_dagrun for example_external_task_marker_child to None, run_after=None
[2024-08-22T14:18:43.598+0000] {logging_mixin.py:188} INFO - [2024-08-22T14:18:43.598+0000] {dag.py:3947} INFO - Setting next_dagrun for example_external_task_marker_parent to None, run_after=None
[2024-08-22T14:18:43.641+0000] {processor.py:183} INFO - Processing /home/airflow/.local/lib/python3.12/site-packages/airflow/example_dags/example_external_task_marker_dag.py took 0.149 seconds
[2024-08-22T14:19:20.314+0000] {processor.py:161} INFO - Started process (PID=185) to work on /home/airflow/.local/lib/python3.12/site-packages/airflow/example_dags/example_external_task_marker_dag.py
[2024-08-22T14:19:20.316+0000] {processor.py:830} INFO - Processing file /home/airflow/.local/lib/python3.12/site-packages/airflow/example_dags/example_external_task_marker_dag.py for tasks to queue
[2024-08-22T14:19:20.319+0000] {logging_mixin.py:188} INFO - [2024-08-22T14:19:20.318+0000] {dagbag.py:545} INFO - Filling up the DagBag from /home/airflow/.local/lib/python3.12/site-packages/airflow/example_dags/example_external_task_marker_dag.py
[2024-08-22T14:19:20.332+0000] {processor.py:840} INFO - DAG(s) 'example_external_task_marker_child', 'example_external_task_marker_parent' retrieved from /home/airflow/.local/lib/python3.12/site-packages/airflow/example_dags/example_external_task_marker_dag.py
[2024-08-22T14:19:20.376+0000] {logging_mixin.py:188} INFO - [2024-08-22T14:19:20.375+0000] {dag.py:3089} INFO - Sync 2 DAGs
[2024-08-22T14:19:20.403+0000] {logging_mixin.py:188} INFO - [2024-08-22T14:19:20.403+0000] {dag.py:3947} INFO - Setting next_dagrun for example_external_task_marker_child to None, run_after=None
[2024-08-22T14:19:20.413+0000] {logging_mixin.py:188} INFO - [2024-08-22T14:19:20.413+0000] {dag.py:3947} INFO - Setting next_dagrun for example_external_task_marker_parent to None, run_after=None
[2024-08-22T14:19:20.450+0000] {processor.py:183} INFO - Processing /home/airflow/.local/lib/python3.12/site-packages/airflow/example_dags/example_external_task_marker_dag.py took 0.146 seconds
