[2024-08-22T14:17:54.735+0000] {processor.py:161} INFO - Started process (PID=37) to work on /home/airflow/.local/lib/python3.12/site-packages/airflow/example_dags/example_branch_labels.py
[2024-08-22T14:17:54.736+0000] {processor.py:830} INFO - Processing file /home/airflow/.local/lib/python3.12/site-packages/airflow/example_dags/example_branch_labels.py for tasks to queue
[2024-08-22T14:17:54.739+0000] {logging_mixin.py:188} INFO - [2024-08-22T14:17:54.739+0000] {dagbag.py:545} INFO - Filling up the DagBag from /home/airflow/.local/lib/python3.12/site-packages/airflow/example_dags/example_branch_labels.py
[2024-08-22T14:17:54.774+0000] {processor.py:840} INFO - DAG(s) 'example_branch_labels' retrieved from /home/airflow/.local/lib/python3.12/site-packages/airflow/example_dags/example_branch_labels.py
[2024-08-22T14:17:54.979+0000] {logging_mixin.py:188} INFO - [2024-08-22T14:17:54.979+0000] {dag.py:3089} INFO - Sync 1 DAGs
[2024-08-22T14:17:55.023+0000] {logging_mixin.py:188} INFO - [2024-08-22T14:17:55.022+0000] {dag.py:3947} INFO - Setting next_dagrun for example_branch_labels to 2024-08-21 00:00:00+00:00, run_after=2024-08-22 00:00:00+00:00
[2024-08-22T14:17:55.061+0000] {processor.py:183} INFO - Processing /home/airflow/.local/lib/python3.12/site-packages/airflow/example_dags/example_branch_labels.py took 0.336 seconds
[2024-08-22T14:18:25.585+0000] {processor.py:161} INFO - Started process (PID=95) to work on /home/airflow/.local/lib/python3.12/site-packages/airflow/example_dags/example_branch_labels.py
[2024-08-22T14:18:25.587+0000] {processor.py:830} INFO - Processing file /home/airflow/.local/lib/python3.12/site-packages/airflow/example_dags/example_branch_labels.py for tasks to queue
[2024-08-22T14:18:25.590+0000] {logging_mixin.py:188} INFO - [2024-08-22T14:18:25.590+0000] {dagbag.py:545} INFO - Filling up the DagBag from /home/airflow/.local/lib/python3.12/site-packages/airflow/example_dags/example_branch_labels.py
[2024-08-22T14:18:25.606+0000] {processor.py:840} INFO - DAG(s) 'example_branch_labels' retrieved from /home/airflow/.local/lib/python3.12/site-packages/airflow/example_dags/example_branch_labels.py
[2024-08-22T14:18:26.941+0000] {logging_mixin.py:188} INFO - [2024-08-22T14:18:26.940+0000] {dag.py:3089} INFO - Sync 1 DAGs
[2024-08-22T14:18:27.002+0000] {logging_mixin.py:188} INFO - [2024-08-22T14:18:27.002+0000] {dag.py:3947} INFO - Setting next_dagrun for example_branch_labels to 2024-08-21 00:00:00+00:00, run_after=2024-08-22 00:00:00+00:00
[2024-08-22T14:18:27.047+0000] {processor.py:183} INFO - Processing /home/airflow/.local/lib/python3.12/site-packages/airflow/example_dags/example_branch_labels.py took 1.475 seconds
[2024-08-22T14:18:57.312+0000] {processor.py:161} INFO - Started process (PID=147) to work on /home/airflow/.local/lib/python3.12/site-packages/airflow/example_dags/example_branch_labels.py
[2024-08-22T14:18:57.314+0000] {processor.py:830} INFO - Processing file /home/airflow/.local/lib/python3.12/site-packages/airflow/example_dags/example_branch_labels.py for tasks to queue
[2024-08-22T14:18:57.317+0000] {logging_mixin.py:188} INFO - [2024-08-22T14:18:57.317+0000] {dagbag.py:545} INFO - Filling up the DagBag from /home/airflow/.local/lib/python3.12/site-packages/airflow/example_dags/example_branch_labels.py
[2024-08-22T14:18:57.333+0000] {processor.py:840} INFO - DAG(s) 'example_branch_labels' retrieved from /home/airflow/.local/lib/python3.12/site-packages/airflow/example_dags/example_branch_labels.py
[2024-08-22T14:18:57.376+0000] {logging_mixin.py:188} INFO - [2024-08-22T14:18:57.375+0000] {dag.py:3089} INFO - Sync 1 DAGs
[2024-08-22T14:18:57.424+0000] {logging_mixin.py:188} INFO - [2024-08-22T14:18:57.424+0000] {dag.py:3947} INFO - Setting next_dagrun for example_branch_labels to 2024-08-21 00:00:00+00:00, run_after=2024-08-22 00:00:00+00:00
[2024-08-22T14:18:57.478+0000] {processor.py:183} INFO - Processing /home/airflow/.local/lib/python3.12/site-packages/airflow/example_dags/example_branch_labels.py took 0.174 seconds
