[2024-08-22T14:18:03.463+0000] {processor.py:161} INFO - Started process (PID=54) to work on /home/airflow/.local/lib/python3.12/site-packages/airflow/example_dags/example_setup_teardown.py
[2024-08-22T14:18:03.466+0000] {processor.py:830} INFO - Processing file /home/airflow/.local/lib/python3.12/site-packages/airflow/example_dags/example_setup_teardown.py for tasks to queue
[2024-08-22T14:18:03.470+0000] {logging_mixin.py:188} INFO - [2024-08-22T14:18:03.470+0000] {dagbag.py:545} INFO - Filling up the DagBag from /home/airflow/.local/lib/python3.12/site-packages/airflow/example_dags/example_setup_teardown.py
[2024-08-22T14:18:03.496+0000] {processor.py:840} INFO - DAG(s) 'example_setup_teardown' retrieved from /home/airflow/.local/lib/python3.12/site-packages/airflow/example_dags/example_setup_teardown.py
[2024-08-22T14:18:03.868+0000] {logging_mixin.py:188} INFO - [2024-08-22T14:18:03.867+0000] {dag.py:3089} INFO - Sync 1 DAGs
[2024-08-22T14:18:03.926+0000] {logging_mixin.py:188} INFO - [2024-08-22T14:18:03.925+0000] {dag.py:3947} INFO - Setting next_dagrun for example_setup_teardown to 2024-08-21 00:00:00+00:00, run_after=2024-08-22 00:00:00+00:00
[2024-08-22T14:18:03.988+0000] {processor.py:183} INFO - Processing /home/airflow/.local/lib/python3.12/site-packages/airflow/example_dags/example_setup_teardown.py took 0.533 seconds
[2024-08-22T14:18:39.310+0000] {processor.py:161} INFO - Started process (PID=112) to work on /home/airflow/.local/lib/python3.12/site-packages/airflow/example_dags/example_setup_teardown.py
[2024-08-22T14:18:39.312+0000] {processor.py:830} INFO - Processing file /home/airflow/.local/lib/python3.12/site-packages/airflow/example_dags/example_setup_teardown.py for tasks to queue
[2024-08-22T14:18:39.315+0000] {logging_mixin.py:188} INFO - [2024-08-22T14:18:39.314+0000] {dagbag.py:545} INFO - Filling up the DagBag from /home/airflow/.local/lib/python3.12/site-packages/airflow/example_dags/example_setup_teardown.py
[2024-08-22T14:18:39.329+0000] {processor.py:840} INFO - DAG(s) 'example_setup_teardown' retrieved from /home/airflow/.local/lib/python3.12/site-packages/airflow/example_dags/example_setup_teardown.py
[2024-08-22T14:18:39.390+0000] {logging_mixin.py:188} INFO - [2024-08-22T14:18:39.390+0000] {dag.py:3089} INFO - Sync 1 DAGs
[2024-08-22T14:18:39.458+0000] {logging_mixin.py:188} INFO - [2024-08-22T14:18:39.457+0000] {dag.py:3947} INFO - Setting next_dagrun for example_setup_teardown to 2024-08-21 00:00:00+00:00, run_after=2024-08-22 00:00:00+00:00
[2024-08-22T14:18:39.513+0000] {processor.py:183} INFO - Processing /home/airflow/.local/lib/python3.12/site-packages/airflow/example_dags/example_setup_teardown.py took 0.210 seconds
[2024-08-22T14:19:09.668+0000] {processor.py:161} INFO - Started process (PID=164) to work on /home/airflow/.local/lib/python3.12/site-packages/airflow/example_dags/example_setup_teardown.py
[2024-08-22T14:19:09.670+0000] {processor.py:830} INFO - Processing file /home/airflow/.local/lib/python3.12/site-packages/airflow/example_dags/example_setup_teardown.py for tasks to queue
[2024-08-22T14:19:09.674+0000] {logging_mixin.py:188} INFO - [2024-08-22T14:19:09.673+0000] {dagbag.py:545} INFO - Filling up the DagBag from /home/airflow/.local/lib/python3.12/site-packages/airflow/example_dags/example_setup_teardown.py
[2024-08-22T14:19:09.686+0000] {processor.py:840} INFO - DAG(s) 'example_setup_teardown' retrieved from /home/airflow/.local/lib/python3.12/site-packages/airflow/example_dags/example_setup_teardown.py
[2024-08-22T14:19:09.739+0000] {logging_mixin.py:188} INFO - [2024-08-22T14:19:09.738+0000] {dag.py:3089} INFO - Sync 1 DAGs
[2024-08-22T14:19:09.804+0000] {logging_mixin.py:188} INFO - [2024-08-22T14:19:09.803+0000] {dag.py:3947} INFO - Setting next_dagrun for example_setup_teardown to 2024-08-21 00:00:00+00:00, run_after=2024-08-22 00:00:00+00:00
[2024-08-22T14:19:09.850+0000] {processor.py:183} INFO - Processing /home/airflow/.local/lib/python3.12/site-packages/airflow/example_dags/example_setup_teardown.py took 0.193 seconds
