[2024-08-22T14:18:05.453+0000] {processor.py:161} INFO - Started process (PID=66) to work on /home/airflow/.local/lib/python3.12/site-packages/airflow/example_dags/example_sla_dag.py
[2024-08-22T14:18:05.455+0000] {processor.py:830} INFO - Processing file /home/airflow/.local/lib/python3.12/site-packages/airflow/example_dags/example_sla_dag.py for tasks to queue
[2024-08-22T14:18:05.459+0000] {logging_mixin.py:188} INFO - [2024-08-22T14:18:05.459+0000] {dagbag.py:545} INFO - Filling up the DagBag from /home/airflow/.local/lib/python3.12/site-packages/airflow/example_dags/example_sla_dag.py
[2024-08-22T14:18:05.478+0000] {processor.py:840} INFO - DAG(s) 'example_sla_dag' retrieved from /home/airflow/.local/lib/python3.12/site-packages/airflow/example_dags/example_sla_dag.py
[2024-08-22T14:18:05.673+0000] {logging_mixin.py:188} INFO - [2024-08-22T14:18:05.672+0000] {dag.py:3089} INFO - Sync 1 DAGs
[2024-08-22T14:18:05.713+0000] {logging_mixin.py:188} INFO - [2024-08-22T14:18:05.712+0000] {dag.py:3947} INFO - Setting next_dagrun for example_sla_dag to 2024-08-22 14:16:00+00:00, run_after=2024-08-22 14:18:00+00:00
[2024-08-22T14:18:05.749+0000] {processor.py:183} INFO - Processing /home/airflow/.local/lib/python3.12/site-packages/airflow/example_dags/example_sla_dag.py took 0.305 seconds
[2024-08-22T14:18:40.220+0000] {processor.py:161} INFO - Started process (PID=118) to work on /home/airflow/.local/lib/python3.12/site-packages/airflow/example_dags/example_sla_dag.py
[2024-08-22T14:18:40.222+0000] {processor.py:830} INFO - Processing file /home/airflow/.local/lib/python3.12/site-packages/airflow/example_dags/example_sla_dag.py for tasks to queue
[2024-08-22T14:18:40.225+0000] {logging_mixin.py:188} INFO - [2024-08-22T14:18:40.224+0000] {dagbag.py:545} INFO - Filling up the DagBag from /home/airflow/.local/lib/python3.12/site-packages/airflow/example_dags/example_sla_dag.py
[2024-08-22T14:18:40.239+0000] {processor.py:840} INFO - DAG(s) 'example_sla_dag' retrieved from /home/airflow/.local/lib/python3.12/site-packages/airflow/example_dags/example_sla_dag.py
[2024-08-22T14:18:40.276+0000] {logging_mixin.py:188} INFO - [2024-08-22T14:18:40.276+0000] {dag.py:3089} INFO - Sync 1 DAGs
[2024-08-22T14:18:40.329+0000] {logging_mixin.py:188} INFO - [2024-08-22T14:18:40.328+0000] {dag.py:3947} INFO - Setting next_dagrun for example_sla_dag to 2024-08-22 14:16:00+00:00, run_after=2024-08-22 14:18:00+00:00
[2024-08-22T14:18:41.085+0000] {processor.py:183} INFO - Processing /home/airflow/.local/lib/python3.12/site-packages/airflow/example_dags/example_sla_dag.py took 0.874 seconds
[2024-08-22T14:19:11.541+0000] {processor.py:161} INFO - Started process (PID=170) to work on /home/airflow/.local/lib/python3.12/site-packages/airflow/example_dags/example_sla_dag.py
[2024-08-22T14:19:11.544+0000] {processor.py:830} INFO - Processing file /home/airflow/.local/lib/python3.12/site-packages/airflow/example_dags/example_sla_dag.py for tasks to queue
[2024-08-22T14:19:11.547+0000] {logging_mixin.py:188} INFO - [2024-08-22T14:19:11.546+0000] {dagbag.py:545} INFO - Filling up the DagBag from /home/airflow/.local/lib/python3.12/site-packages/airflow/example_dags/example_sla_dag.py
[2024-08-22T14:19:11.563+0000] {processor.py:840} INFO - DAG(s) 'example_sla_dag' retrieved from /home/airflow/.local/lib/python3.12/site-packages/airflow/example_dags/example_sla_dag.py
[2024-08-22T14:19:11.605+0000] {logging_mixin.py:188} INFO - [2024-08-22T14:19:11.605+0000] {dag.py:3089} INFO - Sync 1 DAGs
[2024-08-22T14:19:11.664+0000] {logging_mixin.py:188} INFO - [2024-08-22T14:19:11.663+0000] {dag.py:3947} INFO - Setting next_dagrun for example_sla_dag to 2024-08-22 14:16:00+00:00, run_after=2024-08-22 14:18:00+00:00
[2024-08-22T14:19:11.710+0000] {processor.py:183} INFO - Processing /home/airflow/.local/lib/python3.12/site-packages/airflow/example_dags/example_sla_dag.py took 0.180 seconds
