[2024-08-22T14:18:07.605+0000] {processor.py:161} INFO - Started process (PID=73) to work on /home/airflow/.local/lib/python3.12/site-packages/airflow/example_dags/example_branch_python_dop_operator_3.py
[2024-08-22T14:18:07.607+0000] {processor.py:830} INFO - Processing file /home/airflow/.local/lib/python3.12/site-packages/airflow/example_dags/example_branch_python_dop_operator_3.py for tasks to queue
[2024-08-22T14:18:07.610+0000] {logging_mixin.py:188} INFO - [2024-08-22T14:18:07.609+0000] {dagbag.py:545} INFO - Filling up the DagBag from /home/airflow/.local/lib/python3.12/site-packages/airflow/example_dags/example_branch_python_dop_operator_3.py
[2024-08-22T14:18:07.631+0000] {processor.py:840} INFO - DAG(s) 'example_branch_dop_operator_v3' retrieved from /home/airflow/.local/lib/python3.12/site-packages/airflow/example_dags/example_branch_python_dop_operator_3.py
[2024-08-22T14:18:07.846+0000] {logging_mixin.py:188} INFO - [2024-08-22T14:18:07.845+0000] {dag.py:3089} INFO - Sync 1 DAGs
[2024-08-22T14:18:07.895+0000] {logging_mixin.py:188} INFO - [2024-08-22T14:18:07.895+0000] {dag.py:3947} INFO - Setting next_dagrun for example_branch_dop_operator_v3 to 2024-08-22 14:17:00+00:00, run_after=2024-08-22 14:18:00+00:00
[2024-08-22T14:18:07.941+0000] {processor.py:183} INFO - Processing /home/airflow/.local/lib/python3.12/site-packages/airflow/example_dags/example_branch_python_dop_operator_3.py took 0.344 seconds
[2024-08-22T14:18:41.789+0000] {processor.py:161} INFO - Started process (PID=125) to work on /home/airflow/.local/lib/python3.12/site-packages/airflow/example_dags/example_branch_python_dop_operator_3.py
[2024-08-22T14:18:41.791+0000] {processor.py:830} INFO - Processing file /home/airflow/.local/lib/python3.12/site-packages/airflow/example_dags/example_branch_python_dop_operator_3.py for tasks to queue
[2024-08-22T14:18:41.794+0000] {logging_mixin.py:188} INFO - [2024-08-22T14:18:41.793+0000] {dagbag.py:545} INFO - Filling up the DagBag from /home/airflow/.local/lib/python3.12/site-packages/airflow/example_dags/example_branch_python_dop_operator_3.py
[2024-08-22T14:18:41.807+0000] {processor.py:840} INFO - DAG(s) 'example_branch_dop_operator_v3' retrieved from /home/airflow/.local/lib/python3.12/site-packages/airflow/example_dags/example_branch_python_dop_operator_3.py
[2024-08-22T14:18:41.839+0000] {logging_mixin.py:188} INFO - [2024-08-22T14:18:41.839+0000] {dag.py:3089} INFO - Sync 1 DAGs
[2024-08-22T14:18:41.885+0000] {logging_mixin.py:188} INFO - [2024-08-22T14:18:41.885+0000] {dag.py:3947} INFO - Setting next_dagrun for example_branch_dop_operator_v3 to 2024-08-22 14:17:00+00:00, run_after=2024-08-22 14:18:00+00:00
[2024-08-22T14:18:42.463+0000] {processor.py:183} INFO - Processing /home/airflow/.local/lib/python3.12/site-packages/airflow/example_dags/example_branch_python_dop_operator_3.py took 0.682 seconds
[2024-08-22T14:19:18.774+0000] {processor.py:161} INFO - Started process (PID=177) to work on /home/airflow/.local/lib/python3.12/site-packages/airflow/example_dags/example_branch_python_dop_operator_3.py
[2024-08-22T14:19:18.776+0000] {processor.py:830} INFO - Processing file /home/airflow/.local/lib/python3.12/site-packages/airflow/example_dags/example_branch_python_dop_operator_3.py for tasks to queue
[2024-08-22T14:19:18.780+0000] {logging_mixin.py:188} INFO - [2024-08-22T14:19:18.779+0000] {dagbag.py:545} INFO - Filling up the DagBag from /home/airflow/.local/lib/python3.12/site-packages/airflow/example_dags/example_branch_python_dop_operator_3.py
[2024-08-22T14:19:18.797+0000] {processor.py:840} INFO - DAG(s) 'example_branch_dop_operator_v3' retrieved from /home/airflow/.local/lib/python3.12/site-packages/airflow/example_dags/example_branch_python_dop_operator_3.py
[2024-08-22T14:19:18.836+0000] {logging_mixin.py:188} INFO - [2024-08-22T14:19:18.836+0000] {dag.py:3089} INFO - Sync 1 DAGs
[2024-08-22T14:19:18.892+0000] {logging_mixin.py:188} INFO - [2024-08-22T14:19:18.891+0000] {dag.py:3947} INFO - Setting next_dagrun for example_branch_dop_operator_v3 to 2024-08-22 14:18:00+00:00, run_after=2024-08-22 14:19:00+00:00
[2024-08-22T14:19:19.384+0000] {processor.py:183} INFO - Processing /home/airflow/.local/lib/python3.12/site-packages/airflow/example_dags/example_branch_python_dop_operator_3.py took 0.618 seconds
