[2024-08-22T14:17:53.126+0000] {processor.py:161} INFO - Started process (PID=33) to work on /home/airflow/.local/lib/python3.12/site-packages/airflow/example_dags/example_short_circuit_operator.py
[2024-08-22T14:17:53.128+0000] {processor.py:830} INFO - Processing file /home/airflow/.local/lib/python3.12/site-packages/airflow/example_dags/example_short_circuit_operator.py for tasks to queue
[2024-08-22T14:17:53.131+0000] {logging_mixin.py:188} INFO - [2024-08-22T14:17:53.130+0000] {dagbag.py:545} INFO - Filling up the DagBag from /home/airflow/.local/lib/python3.12/site-packages/airflow/example_dags/example_short_circuit_operator.py
[2024-08-22T14:17:53.155+0000] {processor.py:840} INFO - DAG(s) 'example_short_circuit_operator' retrieved from /home/airflow/.local/lib/python3.12/site-packages/airflow/example_dags/example_short_circuit_operator.py
[2024-08-22T14:17:53.398+0000] {logging_mixin.py:188} INFO - [2024-08-22T14:17:53.398+0000] {dag.py:3089} INFO - Sync 1 DAGs
[2024-08-22T14:17:53.436+0000] {logging_mixin.py:188} INFO - [2024-08-22T14:17:53.435+0000] {dag.py:3947} INFO - Setting next_dagrun for example_short_circuit_operator to 2024-08-21 00:00:00+00:00, run_after=2024-08-22 00:00:00+00:00
[2024-08-22T14:17:53.847+0000] {processor.py:183} INFO - Processing /home/airflow/.local/lib/python3.12/site-packages/airflow/example_dags/example_short_circuit_operator.py took 0.732 seconds
[2024-08-22T14:18:25.175+0000] {processor.py:161} INFO - Started process (PID=91) to work on /home/airflow/.local/lib/python3.12/site-packages/airflow/example_dags/example_short_circuit_operator.py
[2024-08-22T14:18:25.176+0000] {processor.py:830} INFO - Processing file /home/airflow/.local/lib/python3.12/site-packages/airflow/example_dags/example_short_circuit_operator.py for tasks to queue
[2024-08-22T14:18:25.180+0000] {logging_mixin.py:188} INFO - [2024-08-22T14:18:25.179+0000] {dagbag.py:545} INFO - Filling up the DagBag from /home/airflow/.local/lib/python3.12/site-packages/airflow/example_dags/example_short_circuit_operator.py
[2024-08-22T14:18:25.195+0000] {processor.py:840} INFO - DAG(s) 'example_short_circuit_operator' retrieved from /home/airflow/.local/lib/python3.12/site-packages/airflow/example_dags/example_short_circuit_operator.py
[2024-08-22T14:18:25.240+0000] {logging_mixin.py:188} INFO - [2024-08-22T14:18:25.239+0000] {dag.py:3089} INFO - Sync 1 DAGs
[2024-08-22T14:18:25.286+0000] {logging_mixin.py:188} INFO - [2024-08-22T14:18:25.285+0000] {dag.py:3947} INFO - Setting next_dagrun for example_short_circuit_operator to 2024-08-21 00:00:00+00:00, run_after=2024-08-22 00:00:00+00:00
[2024-08-22T14:18:25.325+0000] {processor.py:183} INFO - Processing /home/airflow/.local/lib/python3.12/site-packages/airflow/example_dags/example_short_circuit_operator.py took 0.159 seconds
[2024-08-22T14:18:56.706+0000] {processor.py:161} INFO - Started process (PID=143) to work on /home/airflow/.local/lib/python3.12/site-packages/airflow/example_dags/example_short_circuit_operator.py
[2024-08-22T14:18:56.710+0000] {processor.py:830} INFO - Processing file /home/airflow/.local/lib/python3.12/site-packages/airflow/example_dags/example_short_circuit_operator.py for tasks to queue
[2024-08-22T14:18:56.714+0000] {logging_mixin.py:188} INFO - [2024-08-22T14:18:56.713+0000] {dagbag.py:545} INFO - Filling up the DagBag from /home/airflow/.local/lib/python3.12/site-packages/airflow/example_dags/example_short_circuit_operator.py
[2024-08-22T14:18:56.726+0000] {processor.py:840} INFO - DAG(s) 'example_short_circuit_operator' retrieved from /home/airflow/.local/lib/python3.12/site-packages/airflow/example_dags/example_short_circuit_operator.py
[2024-08-22T14:18:56.773+0000] {logging_mixin.py:188} INFO - [2024-08-22T14:18:56.773+0000] {dag.py:3089} INFO - Sync 1 DAGs
[2024-08-22T14:18:56.822+0000] {logging_mixin.py:188} INFO - [2024-08-22T14:18:56.822+0000] {dag.py:3947} INFO - Setting next_dagrun for example_short_circuit_operator to 2024-08-21 00:00:00+00:00, run_after=2024-08-22 00:00:00+00:00
[2024-08-22T14:18:56.867+0000] {processor.py:183} INFO - Processing /home/airflow/.local/lib/python3.12/site-packages/airflow/example_dags/example_short_circuit_operator.py took 0.168 seconds
[2024-08-22T14:26:25.269+0000] {processor.py:161} INFO - Started process (PID=217) to work on /home/airflow/.local/lib/python3.12/site-packages/airflow/example_dags/example_short_circuit_operator.py
[2024-08-22T14:26:33.799+0000] {processor.py:830} INFO - Processing file /home/airflow/.local/lib/python3.12/site-packages/airflow/example_dags/example_short_circuit_operator.py for tasks to queue
[2024-08-22T14:26:46.212+0000] {logging_mixin.py:188} INFO - [2024-08-22T14:26:46.210+0000] {dagbag.py:545} INFO - Filling up the DagBag from /home/airflow/.local/lib/python3.12/site-packages/airflow/example_dags/example_short_circuit_operator.py
[2024-08-22T14:26:55.189+0000] {processor.py:840} INFO - DAG(s) 'example_short_circuit_operator' retrieved from /home/airflow/.local/lib/python3.12/site-packages/airflow/example_dags/example_short_circuit_operator.py
[2024-08-22T14:27:14.785+0000] {logging_mixin.py:188} INFO - [2024-08-22T14:27:14.784+0000] {dag.py:3089} INFO - Sync 1 DAGs
[2024-08-22T14:27:25.798+0000] {logging_mixin.py:188} INFO - [2024-08-22T14:27:25.797+0000] {dag.py:3947} INFO - Setting next_dagrun for example_short_circuit_operator to 2024-08-21 00:00:00+00:00, run_after=2024-08-22 00:00:00+00:00
