[2024-08-22T14:18:06.256+0000] {processor.py:161} INFO - Started process (PID=68) to work on /home/airflow/.local/lib/python3.12/site-packages/airflow/example_dags/example_nested_branch_dag.py
[2024-08-22T14:18:06.258+0000] {processor.py:830} INFO - Processing file /home/airflow/.local/lib/python3.12/site-packages/airflow/example_dags/example_nested_branch_dag.py for tasks to queue
[2024-08-22T14:18:06.261+0000] {logging_mixin.py:188} INFO - [2024-08-22T14:18:06.260+0000] {dagbag.py:545} INFO - Filling up the DagBag from /home/airflow/.local/lib/python3.12/site-packages/airflow/example_dags/example_nested_branch_dag.py
[2024-08-22T14:18:06.282+0000] {processor.py:840} INFO - DAG(s) 'example_nested_branch_dag' retrieved from /home/airflow/.local/lib/python3.12/site-packages/airflow/example_dags/example_nested_branch_dag.py
[2024-08-22T14:18:06.520+0000] {logging_mixin.py:188} INFO - [2024-08-22T14:18:06.519+0000] {dag.py:3089} INFO - Sync 1 DAGs
[2024-08-22T14:18:06.565+0000] {logging_mixin.py:188} INFO - [2024-08-22T14:18:06.564+0000] {dag.py:3947} INFO - Setting next_dagrun for example_nested_branch_dag to 2024-08-21 00:00:00+00:00, run_after=2024-08-22 00:00:00+00:00
[2024-08-22T14:18:06.612+0000] {processor.py:183} INFO - Processing /home/airflow/.local/lib/python3.12/site-packages/airflow/example_dags/example_nested_branch_dag.py took 0.364 seconds
[2024-08-22T14:18:41.169+0000] {processor.py:161} INFO - Started process (PID=120) to work on /home/airflow/.local/lib/python3.12/site-packages/airflow/example_dags/example_nested_branch_dag.py
[2024-08-22T14:18:41.171+0000] {processor.py:830} INFO - Processing file /home/airflow/.local/lib/python3.12/site-packages/airflow/example_dags/example_nested_branch_dag.py for tasks to queue
[2024-08-22T14:18:41.175+0000] {logging_mixin.py:188} INFO - [2024-08-22T14:18:41.174+0000] {dagbag.py:545} INFO - Filling up the DagBag from /home/airflow/.local/lib/python3.12/site-packages/airflow/example_dags/example_nested_branch_dag.py
[2024-08-22T14:18:41.192+0000] {processor.py:840} INFO - DAG(s) 'example_nested_branch_dag' retrieved from /home/airflow/.local/lib/python3.12/site-packages/airflow/example_dags/example_nested_branch_dag.py
[2024-08-22T14:18:41.242+0000] {logging_mixin.py:188} INFO - [2024-08-22T14:18:41.241+0000] {dag.py:3089} INFO - Sync 1 DAGs
[2024-08-22T14:18:41.288+0000] {logging_mixin.py:188} INFO - [2024-08-22T14:18:41.288+0000] {dag.py:3947} INFO - Setting next_dagrun for example_nested_branch_dag to 2024-08-21 00:00:00+00:00, run_after=2024-08-22 00:00:00+00:00
[2024-08-22T14:18:41.339+0000] {processor.py:183} INFO - Processing /home/airflow/.local/lib/python3.12/site-packages/airflow/example_dags/example_nested_branch_dag.py took 0.179 seconds
[2024-08-22T14:19:18.210+0000] {processor.py:161} INFO - Started process (PID=172) to work on /home/airflow/.local/lib/python3.12/site-packages/airflow/example_dags/example_nested_branch_dag.py
[2024-08-22T14:19:18.215+0000] {processor.py:830} INFO - Processing file /home/airflow/.local/lib/python3.12/site-packages/airflow/example_dags/example_nested_branch_dag.py for tasks to queue
[2024-08-22T14:19:18.223+0000] {logging_mixin.py:188} INFO - [2024-08-22T14:19:18.222+0000] {dagbag.py:545} INFO - Filling up the DagBag from /home/airflow/.local/lib/python3.12/site-packages/airflow/example_dags/example_nested_branch_dag.py
[2024-08-22T14:19:18.250+0000] {processor.py:840} INFO - DAG(s) 'example_nested_branch_dag' retrieved from /home/airflow/.local/lib/python3.12/site-packages/airflow/example_dags/example_nested_branch_dag.py
[2024-08-22T14:19:18.299+0000] {logging_mixin.py:188} INFO - [2024-08-22T14:19:18.298+0000] {dag.py:3089} INFO - Sync 1 DAGs
[2024-08-22T14:19:18.361+0000] {logging_mixin.py:188} INFO - [2024-08-22T14:19:18.360+0000] {dag.py:3947} INFO - Setting next_dagrun for example_nested_branch_dag to 2024-08-21 00:00:00+00:00, run_after=2024-08-22 00:00:00+00:00
[2024-08-22T14:19:18.420+0000] {processor.py:183} INFO - Processing /home/airflow/.local/lib/python3.12/site-packages/airflow/example_dags/example_nested_branch_dag.py took 0.225 seconds
