[2024-08-22T14:18:08.038+0000] {processor.py:161} INFO - Started process (PID=74) to work on /home/airflow/.local/lib/python3.12/site-packages/airflow/example_dags/example_local_kubernetes_executor.py
[2024-08-22T14:18:08.039+0000] {processor.py:830} INFO - Processing file /home/airflow/.local/lib/python3.12/site-packages/airflow/example_dags/example_local_kubernetes_executor.py for tasks to queue
[2024-08-22T14:18:08.044+0000] {logging_mixin.py:188} INFO - [2024-08-22T14:18:08.043+0000] {dagbag.py:545} INFO - Filling up the DagBag from /home/airflow/.local/lib/python3.12/site-packages/airflow/example_dags/example_local_kubernetes_executor.py
[2024-08-22T14:18:08.059+0000] {processor.py:840} INFO - DAG(s) 'example_local_kubernetes_executor' retrieved from /home/airflow/.local/lib/python3.12/site-packages/airflow/example_dags/example_local_kubernetes_executor.py
[2024-08-22T14:18:08.315+0000] {logging_mixin.py:188} INFO - [2024-08-22T14:18:08.315+0000] {dag.py:3089} INFO - Sync 1 DAGs
[2024-08-22T14:18:08.340+0000] {logging_mixin.py:188} INFO - [2024-08-22T14:18:08.339+0000] {dag.py:3947} INFO - Setting next_dagrun for example_local_kubernetes_executor to None, run_after=None
[2024-08-22T14:18:08.396+0000] {processor.py:183} INFO - Processing /home/airflow/.local/lib/python3.12/site-packages/airflow/example_dags/example_local_kubernetes_executor.py took 0.369 seconds
[2024-08-22T14:18:42.933+0000] {processor.py:161} INFO - Started process (PID=126) to work on /home/airflow/.local/lib/python3.12/site-packages/airflow/example_dags/example_local_kubernetes_executor.py
[2024-08-22T14:18:42.935+0000] {processor.py:830} INFO - Processing file /home/airflow/.local/lib/python3.12/site-packages/airflow/example_dags/example_local_kubernetes_executor.py for tasks to queue
[2024-08-22T14:18:42.939+0000] {logging_mixin.py:188} INFO - [2024-08-22T14:18:42.938+0000] {dagbag.py:545} INFO - Filling up the DagBag from /home/airflow/.local/lib/python3.12/site-packages/airflow/example_dags/example_local_kubernetes_executor.py
[2024-08-22T14:18:42.949+0000] {processor.py:840} INFO - DAG(s) 'example_local_kubernetes_executor' retrieved from /home/airflow/.local/lib/python3.12/site-packages/airflow/example_dags/example_local_kubernetes_executor.py
[2024-08-22T14:18:42.999+0000] {logging_mixin.py:188} INFO - [2024-08-22T14:18:42.998+0000] {dag.py:3089} INFO - Sync 1 DAGs
[2024-08-22T14:18:43.021+0000] {logging_mixin.py:188} INFO - [2024-08-22T14:18:43.020+0000] {dag.py:3947} INFO - Setting next_dagrun for example_local_kubernetes_executor to None, run_after=None
[2024-08-22T14:18:43.053+0000] {processor.py:183} INFO - Processing /home/airflow/.local/lib/python3.12/site-packages/airflow/example_dags/example_local_kubernetes_executor.py took 0.133 seconds
[2024-08-22T14:19:19.432+0000] {processor.py:161} INFO - Started process (PID=178) to work on /home/airflow/.local/lib/python3.12/site-packages/airflow/example_dags/example_local_kubernetes_executor.py
[2024-08-22T14:19:19.434+0000] {processor.py:830} INFO - Processing file /home/airflow/.local/lib/python3.12/site-packages/airflow/example_dags/example_local_kubernetes_executor.py for tasks to queue
[2024-08-22T14:19:19.438+0000] {logging_mixin.py:188} INFO - [2024-08-22T14:19:19.437+0000] {dagbag.py:545} INFO - Filling up the DagBag from /home/airflow/.local/lib/python3.12/site-packages/airflow/example_dags/example_local_kubernetes_executor.py
[2024-08-22T14:19:19.450+0000] {processor.py:840} INFO - DAG(s) 'example_local_kubernetes_executor' retrieved from /home/airflow/.local/lib/python3.12/site-packages/airflow/example_dags/example_local_kubernetes_executor.py
[2024-08-22T14:19:19.526+0000] {logging_mixin.py:188} INFO - [2024-08-22T14:19:19.526+0000] {dag.py:3089} INFO - Sync 1 DAGs
[2024-08-22T14:19:19.555+0000] {logging_mixin.py:188} INFO - [2024-08-22T14:19:19.555+0000] {dag.py:3947} INFO - Setting next_dagrun for example_local_kubernetes_executor to None, run_after=None
[2024-08-22T14:19:19.602+0000] {processor.py:183} INFO - Processing /home/airflow/.local/lib/python3.12/site-packages/airflow/example_dags/example_local_kubernetes_executor.py took 0.180 seconds
