[2024-08-22T14:18:10.408+0000] {processor.py:161} INFO - Started process (PID=82) to work on /home/airflow/.local/lib/python3.12/site-packages/airflow/example_dags/example_xcomargs.py
[2024-08-22T14:18:10.410+0000] {processor.py:830} INFO - Processing file /home/airflow/.local/lib/python3.12/site-packages/airflow/example_dags/example_xcomargs.py for tasks to queue
[2024-08-22T14:18:10.413+0000] {logging_mixin.py:188} INFO - [2024-08-22T14:18:10.413+0000] {dagbag.py:545} INFO - Filling up the DagBag from /home/airflow/.local/lib/python3.12/site-packages/airflow/example_dags/example_xcomargs.py
[2024-08-22T14:18:10.430+0000] {processor.py:840} INFO - DAG(s) 'example_xcom_args_with_operators', 'example_xcom_args' retrieved from /home/airflow/.local/lib/python3.12/site-packages/airflow/example_dags/example_xcomargs.py
[2024-08-22T14:18:10.722+0000] {logging_mixin.py:188} INFO - [2024-08-22T14:18:10.722+0000] {dag.py:3089} INFO - Sync 2 DAGs
[2024-08-22T14:18:10.744+0000] {logging_mixin.py:188} INFO - [2024-08-22T14:18:10.744+0000] {dag.py:3947} INFO - Setting next_dagrun for example_xcom_args to None, run_after=None
[2024-08-22T14:18:10.751+0000] {logging_mixin.py:188} INFO - [2024-08-22T14:18:10.751+0000] {dag.py:3947} INFO - Setting next_dagrun for example_xcom_args_with_operators to None, run_after=None
[2024-08-22T14:18:10.792+0000] {processor.py:183} INFO - Processing /home/airflow/.local/lib/python3.12/site-packages/airflow/example_dags/example_xcomargs.py took 0.393 seconds
[2024-08-22T14:18:43.702+0000] {processor.py:161} INFO - Started process (PID=134) to work on /home/airflow/.local/lib/python3.12/site-packages/airflow/example_dags/example_xcomargs.py
[2024-08-22T14:18:43.703+0000] {processor.py:830} INFO - Processing file /home/airflow/.local/lib/python3.12/site-packages/airflow/example_dags/example_xcomargs.py for tasks to queue
[2024-08-22T14:18:43.706+0000] {logging_mixin.py:188} INFO - [2024-08-22T14:18:43.706+0000] {dagbag.py:545} INFO - Filling up the DagBag from /home/airflow/.local/lib/python3.12/site-packages/airflow/example_dags/example_xcomargs.py
[2024-08-22T14:18:43.718+0000] {processor.py:840} INFO - DAG(s) 'example_xcom_args_with_operators', 'example_xcom_args' retrieved from /home/airflow/.local/lib/python3.12/site-packages/airflow/example_dags/example_xcomargs.py
[2024-08-22T14:18:43.758+0000] {logging_mixin.py:188} INFO - [2024-08-22T14:18:43.758+0000] {dag.py:3089} INFO - Sync 2 DAGs
[2024-08-22T14:18:43.782+0000] {logging_mixin.py:188} INFO - [2024-08-22T14:18:43.782+0000] {dag.py:3947} INFO - Setting next_dagrun for example_xcom_args to None, run_after=None
[2024-08-22T14:18:43.790+0000] {logging_mixin.py:188} INFO - [2024-08-22T14:18:43.790+0000] {dag.py:3947} INFO - Setting next_dagrun for example_xcom_args_with_operators to None, run_after=None
[2024-08-22T14:18:43.827+0000] {processor.py:183} INFO - Processing /home/airflow/.local/lib/python3.12/site-packages/airflow/example_dags/example_xcomargs.py took 0.131 seconds
[2024-08-22T14:19:20.505+0000] {processor.py:161} INFO - Started process (PID=186) to work on /home/airflow/.local/lib/python3.12/site-packages/airflow/example_dags/example_xcomargs.py
[2024-08-22T14:19:20.508+0000] {processor.py:830} INFO - Processing file /home/airflow/.local/lib/python3.12/site-packages/airflow/example_dags/example_xcomargs.py for tasks to queue
[2024-08-22T14:19:20.511+0000] {logging_mixin.py:188} INFO - [2024-08-22T14:19:20.511+0000] {dagbag.py:545} INFO - Filling up the DagBag from /home/airflow/.local/lib/python3.12/site-packages/airflow/example_dags/example_xcomargs.py
[2024-08-22T14:19:20.526+0000] {processor.py:840} INFO - DAG(s) 'example_xcom_args', 'example_xcom_args_with_operators' retrieved from /home/airflow/.local/lib/python3.12/site-packages/airflow/example_dags/example_xcomargs.py
[2024-08-22T14:19:20.586+0000] {logging_mixin.py:188} INFO - [2024-08-22T14:19:20.585+0000] {dag.py:3089} INFO - Sync 2 DAGs
[2024-08-22T14:19:20.619+0000] {logging_mixin.py:188} INFO - [2024-08-22T14:19:20.618+0000] {dag.py:3947} INFO - Setting next_dagrun for example_xcom_args to None, run_after=None
[2024-08-22T14:19:20.629+0000] {logging_mixin.py:188} INFO - [2024-08-22T14:19:20.628+0000] {dag.py:3947} INFO - Setting next_dagrun for example_xcom_args_with_operators to None, run_after=None
[2024-08-22T14:19:20.675+0000] {processor.py:183} INFO - Processing /home/airflow/.local/lib/python3.12/site-packages/airflow/example_dags/example_xcomargs.py took 0.179 seconds
