[2024-08-22T14:18:01.040+0000] {processor.py:161} INFO - Started process (PID=48) to work on /home/airflow/.local/lib/python3.12/site-packages/airflow/example_dags/example_sensors.py
[2024-08-22T14:18:01.042+0000] {processor.py:830} INFO - Processing file /home/airflow/.local/lib/python3.12/site-packages/airflow/example_dags/example_sensors.py for tasks to queue
[2024-08-22T14:18:01.047+0000] {logging_mixin.py:188} INFO - [2024-08-22T14:18:01.046+0000] {dagbag.py:545} INFO - Filling up the DagBag from /home/airflow/.local/lib/python3.12/site-packages/airflow/example_dags/example_sensors.py
[2024-08-22T14:18:01.078+0000] {processor.py:840} INFO - DAG(s) 'example_sensors' retrieved from /home/airflow/.local/lib/python3.12/site-packages/airflow/example_dags/example_sensors.py
[2024-08-22T14:18:01.397+0000] {logging_mixin.py:188} INFO - [2024-08-22T14:18:01.397+0000] {dag.py:3089} INFO - Sync 1 DAGs
[2024-08-22T14:18:01.419+0000] {logging_mixin.py:188} INFO - [2024-08-22T14:18:01.418+0000] {dag.py:3947} INFO - Setting next_dagrun for example_sensors to None, run_after=None
[2024-08-22T14:18:01.493+0000] {processor.py:183} INFO - Processing /home/airflow/.local/lib/python3.12/site-packages/airflow/example_dags/example_sensors.py took 0.459 seconds
[2024-08-22T14:18:33.250+0000] {processor.py:161} INFO - Started process (PID=106) to work on /home/airflow/.local/lib/python3.12/site-packages/airflow/example_dags/example_sensors.py
[2024-08-22T14:18:33.253+0000] {processor.py:830} INFO - Processing file /home/airflow/.local/lib/python3.12/site-packages/airflow/example_dags/example_sensors.py for tasks to queue
[2024-08-22T14:18:33.256+0000] {logging_mixin.py:188} INFO - [2024-08-22T14:18:33.256+0000] {dagbag.py:545} INFO - Filling up the DagBag from /home/airflow/.local/lib/python3.12/site-packages/airflow/example_dags/example_sensors.py
[2024-08-22T14:18:33.275+0000] {processor.py:840} INFO - DAG(s) 'example_sensors' retrieved from /home/airflow/.local/lib/python3.12/site-packages/airflow/example_dags/example_sensors.py
[2024-08-22T14:18:33.328+0000] {logging_mixin.py:188} INFO - [2024-08-22T14:18:33.328+0000] {dag.py:3089} INFO - Sync 1 DAGs
[2024-08-22T14:18:33.361+0000] {logging_mixin.py:188} INFO - [2024-08-22T14:18:33.360+0000] {dag.py:3947} INFO - Setting next_dagrun for example_sensors to None, run_after=None
[2024-08-22T14:18:33.411+0000] {processor.py:183} INFO - Processing /home/airflow/.local/lib/python3.12/site-packages/airflow/example_dags/example_sensors.py took 0.170 seconds
[2024-08-22T14:19:05.906+0000] {processor.py:161} INFO - Started process (PID=158) to work on /home/airflow/.local/lib/python3.12/site-packages/airflow/example_dags/example_sensors.py
[2024-08-22T14:19:05.908+0000] {processor.py:830} INFO - Processing file /home/airflow/.local/lib/python3.12/site-packages/airflow/example_dags/example_sensors.py for tasks to queue
[2024-08-22T14:19:05.912+0000] {logging_mixin.py:188} INFO - [2024-08-22T14:19:05.911+0000] {dagbag.py:545} INFO - Filling up the DagBag from /home/airflow/.local/lib/python3.12/site-packages/airflow/example_dags/example_sensors.py
[2024-08-22T14:19:05.929+0000] {processor.py:840} INFO - DAG(s) 'example_sensors' retrieved from /home/airflow/.local/lib/python3.12/site-packages/airflow/example_dags/example_sensors.py
[2024-08-22T14:19:05.982+0000] {logging_mixin.py:188} INFO - [2024-08-22T14:19:05.981+0000] {dag.py:3089} INFO - Sync 1 DAGs
[2024-08-22T14:19:06.008+0000] {logging_mixin.py:188} INFO - [2024-08-22T14:19:06.007+0000] {dag.py:3947} INFO - Setting next_dagrun for example_sensors to None, run_after=None
[2024-08-22T14:19:06.049+0000] {processor.py:183} INFO - Processing /home/airflow/.local/lib/python3.12/site-packages/airflow/example_dags/example_sensors.py took 0.153 seconds
