[2024-08-22T14:18:07.085+0000] {processor.py:161} INFO - Started process (PID=71) to work on /home/airflow/.local/lib/python3.12/site-packages/airflow/example_dags/example_branch_datetime_operator.py
[2024-08-22T14:18:07.087+0000] {processor.py:830} INFO - Processing file /home/airflow/.local/lib/python3.12/site-packages/airflow/example_dags/example_branch_datetime_operator.py for tasks to queue
[2024-08-22T14:18:07.090+0000] {logging_mixin.py:188} INFO - [2024-08-22T14:18:07.090+0000] {dagbag.py:545} INFO - Filling up the DagBag from /home/airflow/.local/lib/python3.12/site-packages/airflow/example_dags/example_branch_datetime_operator.py
[2024-08-22T14:18:07.108+0000] {processor.py:840} INFO - DAG(s) 'example_branch_datetime_operator_2', 'example_branch_datetime_operator', 'example_branch_datetime_operator_3' retrieved from /home/airflow/.local/lib/python3.12/site-packages/airflow/example_dags/example_branch_datetime_operator.py
[2024-08-22T14:18:07.405+0000] {logging_mixin.py:188} INFO - [2024-08-22T14:18:07.404+0000] {dag.py:3089} INFO - Sync 3 DAGs
[2024-08-22T14:18:07.466+0000] {logging_mixin.py:188} INFO - [2024-08-22T14:18:07.465+0000] {dag.py:3947} INFO - Setting next_dagrun for example_branch_datetime_operator to 2024-08-21 00:00:00+00:00, run_after=2024-08-22 00:00:00+00:00
[2024-08-22T14:18:07.482+0000] {logging_mixin.py:188} INFO - [2024-08-22T14:18:07.481+0000] {dag.py:3947} INFO - Setting next_dagrun for example_branch_datetime_operator_2 to 2024-08-21 00:00:00+00:00, run_after=2024-08-22 00:00:00+00:00
[2024-08-22T14:18:07.492+0000] {logging_mixin.py:188} INFO - [2024-08-22T14:18:07.492+0000] {dag.py:3947} INFO - Setting next_dagrun for example_branch_datetime_operator_3 to 2024-08-21 00:00:00+00:00, run_after=2024-08-22 00:00:00+00:00
[2024-08-22T14:18:07.535+0000] {processor.py:183} INFO - Processing /home/airflow/.local/lib/python3.12/site-packages/airflow/example_dags/example_branch_datetime_operator.py took 0.457 seconds
[2024-08-22T14:18:41.572+0000] {processor.py:161} INFO - Started process (PID=123) to work on /home/airflow/.local/lib/python3.12/site-packages/airflow/example_dags/example_branch_datetime_operator.py
[2024-08-22T14:18:41.574+0000] {processor.py:830} INFO - Processing file /home/airflow/.local/lib/python3.12/site-packages/airflow/example_dags/example_branch_datetime_operator.py for tasks to queue
[2024-08-22T14:18:41.577+0000] {logging_mixin.py:188} INFO - [2024-08-22T14:18:41.577+0000] {dagbag.py:545} INFO - Filling up the DagBag from /home/airflow/.local/lib/python3.12/site-packages/airflow/example_dags/example_branch_datetime_operator.py
[2024-08-22T14:18:41.597+0000] {processor.py:840} INFO - DAG(s) 'example_branch_datetime_operator', 'example_branch_datetime_operator_2', 'example_branch_datetime_operator_3' retrieved from /home/airflow/.local/lib/python3.12/site-packages/airflow/example_dags/example_branch_datetime_operator.py
[2024-08-22T14:18:41.646+0000] {logging_mixin.py:188} INFO - [2024-08-22T14:18:41.646+0000] {dag.py:3089} INFO - Sync 3 DAGs
[2024-08-22T14:18:41.689+0000] {logging_mixin.py:188} INFO - [2024-08-22T14:18:41.688+0000] {dag.py:3947} INFO - Setting next_dagrun for example_branch_datetime_operator to 2024-08-21 00:00:00+00:00, run_after=2024-08-22 00:00:00+00:00
[2024-08-22T14:18:41.699+0000] {logging_mixin.py:188} INFO - [2024-08-22T14:18:41.699+0000] {dag.py:3947} INFO - Setting next_dagrun for example_branch_datetime_operator_2 to 2024-08-21 00:00:00+00:00, run_after=2024-08-22 00:00:00+00:00
[2024-08-22T14:18:41.705+0000] {logging_mixin.py:188} INFO - [2024-08-22T14:18:41.704+0000] {dag.py:3947} INFO - Setting next_dagrun for example_branch_datetime_operator_3 to 2024-08-21 00:00:00+00:00, run_after=2024-08-22 00:00:00+00:00
[2024-08-22T14:18:41.739+0000] {processor.py:183} INFO - Processing /home/airflow/.local/lib/python3.12/site-packages/airflow/example_dags/example_branch_datetime_operator.py took 0.174 seconds
[2024-08-22T14:19:18.488+0000] {processor.py:161} INFO - Started process (PID=175) to work on /home/airflow/.local/lib/python3.12/site-packages/airflow/example_dags/example_branch_datetime_operator.py
[2024-08-22T14:19:18.491+0000] {processor.py:830} INFO - Processing file /home/airflow/.local/lib/python3.12/site-packages/airflow/example_dags/example_branch_datetime_operator.py for tasks to queue
[2024-08-22T14:19:18.495+0000] {logging_mixin.py:188} INFO - [2024-08-22T14:19:18.494+0000] {dagbag.py:545} INFO - Filling up the DagBag from /home/airflow/.local/lib/python3.12/site-packages/airflow/example_dags/example_branch_datetime_operator.py
[2024-08-22T14:19:18.520+0000] {processor.py:840} INFO - DAG(s) 'example_branch_datetime_operator_2', 'example_branch_datetime_operator_3', 'example_branch_datetime_operator' retrieved from /home/airflow/.local/lib/python3.12/site-packages/airflow/example_dags/example_branch_datetime_operator.py
[2024-08-22T14:19:18.581+0000] {logging_mixin.py:188} INFO - [2024-08-22T14:19:18.580+0000] {dag.py:3089} INFO - Sync 3 DAGs
[2024-08-22T14:19:18.647+0000] {logging_mixin.py:188} INFO - [2024-08-22T14:19:18.646+0000] {dag.py:3947} INFO - Setting next_dagrun for example_branch_datetime_operator to 2024-08-21 00:00:00+00:00, run_after=2024-08-22 00:00:00+00:00
[2024-08-22T14:19:18.667+0000] {logging_mixin.py:188} INFO - [2024-08-22T14:19:18.667+0000] {dag.py:3947} INFO - Setting next_dagrun for example_branch_datetime_operator_2 to 2024-08-21 00:00:00+00:00, run_after=2024-08-22 00:00:00+00:00
[2024-08-22T14:19:18.673+0000] {logging_mixin.py:188} INFO - [2024-08-22T14:19:18.673+0000] {dag.py:3947} INFO - Setting next_dagrun for example_branch_datetime_operator_3 to 2024-08-21 00:00:00+00:00, run_after=2024-08-22 00:00:00+00:00
[2024-08-22T14:19:18.716+0000] {processor.py:183} INFO - Processing /home/airflow/.local/lib/python3.12/site-packages/airflow/example_dags/example_branch_datetime_operator.py took 0.235 seconds
