[2024-08-22T14:18:05.434+0000] {processor.py:161} INFO - Started process (PID=65) to work on /home/airflow/.local/lib/python3.12/site-packages/airflow/example_dags/example_python_operator.py
[2024-08-22T14:18:05.436+0000] {processor.py:830} INFO - Processing file /home/airflow/.local/lib/python3.12/site-packages/airflow/example_dags/example_python_operator.py for tasks to queue
[2024-08-22T14:18:05.439+0000] {logging_mixin.py:188} INFO - [2024-08-22T14:18:05.438+0000] {dagbag.py:545} INFO - Filling up the DagBag from /home/airflow/.local/lib/python3.12/site-packages/airflow/example_dags/example_python_operator.py
[2024-08-22T14:18:05.461+0000] {processor.py:840} INFO - DAG(s) 'example_python_operator' retrieved from /home/airflow/.local/lib/python3.12/site-packages/airflow/example_dags/example_python_operator.py
[2024-08-22T14:18:05.682+0000] {logging_mixin.py:188} INFO - [2024-08-22T14:18:05.681+0000] {dag.py:3089} INFO - Sync 1 DAGs
[2024-08-22T14:18:05.705+0000] {logging_mixin.py:188} INFO - [2024-08-22T14:18:05.704+0000] {dag.py:3947} INFO - Setting next_dagrun for example_python_operator to None, run_after=None
[2024-08-22T14:18:05.744+0000] {processor.py:183} INFO - Processing /home/airflow/.local/lib/python3.12/site-packages/airflow/example_dags/example_python_operator.py took 0.319 seconds
[2024-08-22T14:18:40.030+0000] {processor.py:161} INFO - Started process (PID=117) to work on /home/airflow/.local/lib/python3.12/site-packages/airflow/example_dags/example_python_operator.py
[2024-08-22T14:18:40.032+0000] {processor.py:830} INFO - Processing file /home/airflow/.local/lib/python3.12/site-packages/airflow/example_dags/example_python_operator.py for tasks to queue
[2024-08-22T14:18:40.035+0000] {logging_mixin.py:188} INFO - [2024-08-22T14:18:40.034+0000] {dagbag.py:545} INFO - Filling up the DagBag from /home/airflow/.local/lib/python3.12/site-packages/airflow/example_dags/example_python_operator.py
[2024-08-22T14:18:40.051+0000] {processor.py:840} INFO - DAG(s) 'example_python_operator' retrieved from /home/airflow/.local/lib/python3.12/site-packages/airflow/example_dags/example_python_operator.py
[2024-08-22T14:18:40.091+0000] {logging_mixin.py:188} INFO - [2024-08-22T14:18:40.091+0000] {dag.py:3089} INFO - Sync 1 DAGs
[2024-08-22T14:18:40.113+0000] {logging_mixin.py:188} INFO - [2024-08-22T14:18:40.112+0000] {dag.py:3947} INFO - Setting next_dagrun for example_python_operator to None, run_after=None
[2024-08-22T14:18:40.156+0000] {processor.py:183} INFO - Processing /home/airflow/.local/lib/python3.12/site-packages/airflow/example_dags/example_python_operator.py took 0.134 seconds
[2024-08-22T14:19:10.359+0000] {processor.py:161} INFO - Started process (PID=169) to work on /home/airflow/.local/lib/python3.12/site-packages/airflow/example_dags/example_python_operator.py
[2024-08-22T14:19:10.362+0000] {processor.py:830} INFO - Processing file /home/airflow/.local/lib/python3.12/site-packages/airflow/example_dags/example_python_operator.py for tasks to queue
[2024-08-22T14:19:10.366+0000] {logging_mixin.py:188} INFO - [2024-08-22T14:19:10.364+0000] {dagbag.py:545} INFO - Filling up the DagBag from /home/airflow/.local/lib/python3.12/site-packages/airflow/example_dags/example_python_operator.py
[2024-08-22T14:19:10.400+0000] {processor.py:840} INFO - DAG(s) 'example_python_operator' retrieved from /home/airflow/.local/lib/python3.12/site-packages/airflow/example_dags/example_python_operator.py
[2024-08-22T14:19:10.463+0000] {logging_mixin.py:188} INFO - [2024-08-22T14:19:10.462+0000] {dag.py:3089} INFO - Sync 1 DAGs
[2024-08-22T14:19:10.491+0000] {logging_mixin.py:188} INFO - [2024-08-22T14:19:10.491+0000] {dag.py:3947} INFO - Setting next_dagrun for example_python_operator to None, run_after=None
[2024-08-22T14:19:10.534+0000] {processor.py:183} INFO - Processing /home/airflow/.local/lib/python3.12/site-packages/airflow/example_dags/example_python_operator.py took 0.187 seconds
