[2024-08-22T14:18:05.075+0000] {processor.py:161} INFO - Started process (PID=64) to work on /home/airflow/.local/lib/python3.12/site-packages/airflow/example_dags/example_latest_only.py
[2024-08-22T14:18:05.077+0000] {processor.py:830} INFO - Processing file /home/airflow/.local/lib/python3.12/site-packages/airflow/example_dags/example_latest_only.py for tasks to queue
[2024-08-22T14:18:05.080+0000] {logging_mixin.py:188} INFO - [2024-08-22T14:18:05.080+0000] {dagbag.py:545} INFO - Filling up the DagBag from /home/airflow/.local/lib/python3.12/site-packages/airflow/example_dags/example_latest_only.py
[2024-08-22T14:18:05.091+0000] {processor.py:840} INFO - DAG(s) 'latest_only' retrieved from /home/airflow/.local/lib/python3.12/site-packages/airflow/example_dags/example_latest_only.py
[2024-08-22T14:18:05.319+0000] {logging_mixin.py:188} INFO - [2024-08-22T14:18:05.319+0000] {dag.py:3089} INFO - Sync 1 DAGs
[2024-08-22T14:18:05.353+0000] {logging_mixin.py:188} INFO - [2024-08-22T14:18:05.353+0000] {dag.py:3947} INFO - Setting next_dagrun for latest_only to 2024-08-22 08:00:00+00:00, run_after=2024-08-22 12:00:00+00:00
[2024-08-22T14:18:05.392+0000] {processor.py:183} INFO - Processing /home/airflow/.local/lib/python3.12/site-packages/airflow/example_dags/example_latest_only.py took 0.325 seconds
[2024-08-22T14:18:40.026+0000] {processor.py:161} INFO - Started process (PID=116) to work on /home/airflow/.local/lib/python3.12/site-packages/airflow/example_dags/example_latest_only.py
[2024-08-22T14:18:40.029+0000] {processor.py:830} INFO - Processing file /home/airflow/.local/lib/python3.12/site-packages/airflow/example_dags/example_latest_only.py for tasks to queue
[2024-08-22T14:18:40.032+0000] {logging_mixin.py:188} INFO - [2024-08-22T14:18:40.031+0000] {dagbag.py:545} INFO - Filling up the DagBag from /home/airflow/.local/lib/python3.12/site-packages/airflow/example_dags/example_latest_only.py
[2024-08-22T14:18:40.039+0000] {processor.py:840} INFO - DAG(s) 'latest_only' retrieved from /home/airflow/.local/lib/python3.12/site-packages/airflow/example_dags/example_latest_only.py
[2024-08-22T14:18:40.074+0000] {logging_mixin.py:188} INFO - [2024-08-22T14:18:40.073+0000] {dag.py:3089} INFO - Sync 1 DAGs
[2024-08-22T14:18:40.116+0000] {logging_mixin.py:188} INFO - [2024-08-22T14:18:40.115+0000] {dag.py:3947} INFO - Setting next_dagrun for latest_only to 2024-08-22 08:00:00+00:00, run_after=2024-08-22 12:00:00+00:00
[2024-08-22T14:18:40.156+0000] {processor.py:183} INFO - Processing /home/airflow/.local/lib/python3.12/site-packages/airflow/example_dags/example_latest_only.py took 0.137 seconds
[2024-08-22T14:19:10.356+0000] {processor.py:161} INFO - Started process (PID=168) to work on /home/airflow/.local/lib/python3.12/site-packages/airflow/example_dags/example_latest_only.py
[2024-08-22T14:19:10.358+0000] {processor.py:830} INFO - Processing file /home/airflow/.local/lib/python3.12/site-packages/airflow/example_dags/example_latest_only.py for tasks to queue
[2024-08-22T14:19:10.361+0000] {logging_mixin.py:188} INFO - [2024-08-22T14:19:10.361+0000] {dagbag.py:545} INFO - Filling up the DagBag from /home/airflow/.local/lib/python3.12/site-packages/airflow/example_dags/example_latest_only.py
[2024-08-22T14:19:10.374+0000] {processor.py:840} INFO - DAG(s) 'latest_only' retrieved from /home/airflow/.local/lib/python3.12/site-packages/airflow/example_dags/example_latest_only.py
[2024-08-22T14:19:10.433+0000] {logging_mixin.py:188} INFO - [2024-08-22T14:19:10.432+0000] {dag.py:3089} INFO - Sync 1 DAGs
[2024-08-22T14:19:10.484+0000] {logging_mixin.py:188} INFO - [2024-08-22T14:19:10.484+0000] {dag.py:3947} INFO - Setting next_dagrun for latest_only to 2024-08-22 08:00:00+00:00, run_after=2024-08-22 12:00:00+00:00
[2024-08-22T14:19:10.529+0000] {processor.py:183} INFO - Processing /home/airflow/.local/lib/python3.12/site-packages/airflow/example_dags/example_latest_only.py took 0.184 seconds
