[2024-08-22T14:18:07.604+0000] {processor.py:161} INFO - Started process (PID=72) to work on /home/airflow/.local/lib/python3.12/site-packages/airflow/example_dags/example_task_group_decorator.py
[2024-08-22T14:18:07.607+0000] {processor.py:830} INFO - Processing file /home/airflow/.local/lib/python3.12/site-packages/airflow/example_dags/example_task_group_decorator.py for tasks to queue
[2024-08-22T14:18:07.610+0000] {logging_mixin.py:188} INFO - [2024-08-22T14:18:07.609+0000] {dagbag.py:545} INFO - Filling up the DagBag from /home/airflow/.local/lib/python3.12/site-packages/airflow/example_dags/example_task_group_decorator.py
[2024-08-22T14:18:07.643+0000] {processor.py:840} INFO - DAG(s) 'example_task_group_decorator' retrieved from /home/airflow/.local/lib/python3.12/site-packages/airflow/example_dags/example_task_group_decorator.py
[2024-08-22T14:18:07.891+0000] {logging_mixin.py:188} INFO - [2024-08-22T14:18:07.890+0000] {dag.py:3089} INFO - Sync 1 DAGs
[2024-08-22T14:18:07.929+0000] {logging_mixin.py:188} INFO - [2024-08-22T14:18:07.929+0000] {dag.py:3947} INFO - Setting next_dagrun for example_task_group_decorator to 2024-08-21 00:00:00+00:00, run_after=2024-08-22 00:00:00+00:00
[2024-08-22T14:18:07.989+0000] {processor.py:183} INFO - Processing /home/airflow/.local/lib/python3.12/site-packages/airflow/example_dags/example_task_group_decorator.py took 0.395 seconds
[2024-08-22T14:18:41.625+0000] {processor.py:161} INFO - Started process (PID=124) to work on /home/airflow/.local/lib/python3.12/site-packages/airflow/example_dags/example_task_group_decorator.py
[2024-08-22T14:18:41.627+0000] {processor.py:830} INFO - Processing file /home/airflow/.local/lib/python3.12/site-packages/airflow/example_dags/example_task_group_decorator.py for tasks to queue
[2024-08-22T14:18:41.630+0000] {logging_mixin.py:188} INFO - [2024-08-22T14:18:41.630+0000] {dagbag.py:545} INFO - Filling up the DagBag from /home/airflow/.local/lib/python3.12/site-packages/airflow/example_dags/example_task_group_decorator.py
[2024-08-22T14:18:41.654+0000] {processor.py:840} INFO - DAG(s) 'example_task_group_decorator' retrieved from /home/airflow/.local/lib/python3.12/site-packages/airflow/example_dags/example_task_group_decorator.py
[2024-08-22T14:18:41.704+0000] {logging_mixin.py:188} INFO - [2024-08-22T14:18:41.703+0000] {dag.py:3089} INFO - Sync 1 DAGs
[2024-08-22T14:18:41.748+0000] {logging_mixin.py:188} INFO - [2024-08-22T14:18:41.747+0000] {dag.py:3947} INFO - Setting next_dagrun for example_task_group_decorator to 2024-08-21 00:00:00+00:00, run_after=2024-08-22 00:00:00+00:00
[2024-08-22T14:18:41.790+0000] {processor.py:183} INFO - Processing /home/airflow/.local/lib/python3.12/site-packages/airflow/example_dags/example_task_group_decorator.py took 0.172 seconds
[2024-08-22T14:19:18.697+0000] {processor.py:161} INFO - Started process (PID=176) to work on /home/airflow/.local/lib/python3.12/site-packages/airflow/example_dags/example_task_group_decorator.py
[2024-08-22T14:19:18.699+0000] {processor.py:830} INFO - Processing file /home/airflow/.local/lib/python3.12/site-packages/airflow/example_dags/example_task_group_decorator.py for tasks to queue
[2024-08-22T14:19:18.702+0000] {logging_mixin.py:188} INFO - [2024-08-22T14:19:18.701+0000] {dagbag.py:545} INFO - Filling up the DagBag from /home/airflow/.local/lib/python3.12/site-packages/airflow/example_dags/example_task_group_decorator.py
[2024-08-22T14:19:18.739+0000] {processor.py:840} INFO - DAG(s) 'example_task_group_decorator' retrieved from /home/airflow/.local/lib/python3.12/site-packages/airflow/example_dags/example_task_group_decorator.py
[2024-08-22T14:19:18.803+0000] {logging_mixin.py:188} INFO - [2024-08-22T14:19:18.802+0000] {dag.py:3089} INFO - Sync 1 DAGs
[2024-08-22T14:19:18.853+0000] {logging_mixin.py:188} INFO - [2024-08-22T14:19:18.852+0000] {dag.py:3947} INFO - Setting next_dagrun for example_task_group_decorator to 2024-08-21 00:00:00+00:00, run_after=2024-08-22 00:00:00+00:00
[2024-08-22T14:19:19.363+0000] {processor.py:183} INFO - Processing /home/airflow/.local/lib/python3.12/site-packages/airflow/example_dags/example_task_group_decorator.py took 0.678 seconds
