[2024-08-22T14:17:59.927+0000] {processor.py:161} INFO - Started process (PID=45) to work on /home/airflow/.local/lib/python3.12/site-packages/airflow/example_dags/example_datasets.py
[2024-08-22T14:17:59.928+0000] {processor.py:830} INFO - Processing file /home/airflow/.local/lib/python3.12/site-packages/airflow/example_dags/example_datasets.py for tasks to queue
[2024-08-22T14:17:59.931+0000] {logging_mixin.py:188} INFO - [2024-08-22T14:17:59.931+0000] {dagbag.py:545} INFO - Filling up the DagBag from /home/airflow/.local/lib/python3.12/site-packages/airflow/example_dags/example_datasets.py
[2024-08-22T14:17:59.984+0000] {processor.py:840} INFO - DAG(s) 'conditional_dataset_and_time_based_timetable', 'dataset_produces_1', 'dataset_consumes_1_never_scheduled', 'consume_1_or_2_with_dataset_expressions', 'consume_1_and_2_with_dataset_expressions', 'dataset_consumes_1_and_2', 'dataset_consumes_unknown_never_scheduled', 'consume_1_or_both_2_and_3_with_dataset_expressions', 'dataset_produces_2', 'dataset_consumes_1' retrieved from /home/airflow/.local/lib/python3.12/site-packages/airflow/example_dags/example_datasets.py
[2024-08-22T14:18:00.658+0000] {logging_mixin.py:188} INFO - [2024-08-22T14:18:00.657+0000] {dag.py:3089} INFO - Sync 10 DAGs
[2024-08-22T14:18:00.735+0000] {logging_mixin.py:188} INFO - [2024-08-22T14:18:00.734+0000] {dag.py:3947} INFO - Setting next_dagrun for conditional_dataset_and_time_based_timetable to 2024-08-21 01:00:00+00:00, run_after=2024-08-21 01:00:00+00:00
[2024-08-22T14:18:00.742+0000] {logging_mixin.py:188} INFO - [2024-08-22T14:18:00.742+0000] {dag.py:3947} INFO - Setting next_dagrun for consume_1_and_2_with_dataset_expressions to None, run_after=None
[2024-08-22T14:18:00.750+0000] {logging_mixin.py:188} INFO - [2024-08-22T14:18:00.749+0000] {dag.py:3947} INFO - Setting next_dagrun for consume_1_or_2_with_dataset_expressions to None, run_after=None
[2024-08-22T14:18:00.754+0000] {logging_mixin.py:188} INFO - [2024-08-22T14:18:00.753+0000] {dag.py:3947} INFO - Setting next_dagrun for consume_1_or_both_2_and_3_with_dataset_expressions to None, run_after=None
[2024-08-22T14:18:00.757+0000] {logging_mixin.py:188} INFO - [2024-08-22T14:18:00.757+0000] {dag.py:3947} INFO - Setting next_dagrun for dataset_consumes_1 to None, run_after=None
[2024-08-22T14:18:00.761+0000] {logging_mixin.py:188} INFO - [2024-08-22T14:18:00.760+0000] {dag.py:3947} INFO - Setting next_dagrun for dataset_consumes_1_and_2 to None, run_after=None
[2024-08-22T14:18:00.765+0000] {logging_mixin.py:188} INFO - [2024-08-22T14:18:00.765+0000] {dag.py:3947} INFO - Setting next_dagrun for dataset_consumes_1_never_scheduled to None, run_after=None
[2024-08-22T14:18:00.769+0000] {logging_mixin.py:188} INFO - [2024-08-22T14:18:00.768+0000] {dag.py:3947} INFO - Setting next_dagrun for dataset_consumes_unknown_never_scheduled to None, run_after=None
[2024-08-22T14:18:00.776+0000] {logging_mixin.py:188} INFO - [2024-08-22T14:18:00.775+0000] {dag.py:3947} INFO - Setting next_dagrun for dataset_produces_1 to 2024-08-21 00:00:00+00:00, run_after=2024-08-22 00:00:00+00:00
[2024-08-22T14:18:00.780+0000] {logging_mixin.py:188} INFO - [2024-08-22T14:18:00.780+0000] {dag.py:3947} INFO - Setting next_dagrun for dataset_produces_2 to None, run_after=None
[2024-08-22T14:18:00.908+0000] {processor.py:183} INFO - Processing /home/airflow/.local/lib/python3.12/site-packages/airflow/example_dags/example_datasets.py took 0.989 seconds
[2024-08-22T14:18:32.856+0000] {processor.py:161} INFO - Started process (PID=103) to work on /home/airflow/.local/lib/python3.12/site-packages/airflow/example_dags/example_datasets.py
[2024-08-22T14:18:32.859+0000] {processor.py:830} INFO - Processing file /home/airflow/.local/lib/python3.12/site-packages/airflow/example_dags/example_datasets.py for tasks to queue
[2024-08-22T14:18:32.862+0000] {logging_mixin.py:188} INFO - [2024-08-22T14:18:32.862+0000] {dagbag.py:545} INFO - Filling up the DagBag from /home/airflow/.local/lib/python3.12/site-packages/airflow/example_dags/example_datasets.py
[2024-08-22T14:18:32.896+0000] {processor.py:840} INFO - DAG(s) 'dataset_consumes_unknown_never_scheduled', 'dataset_consumes_1_never_scheduled', 'consume_1_or_both_2_and_3_with_dataset_expressions', 'dataset_produces_1', 'dataset_produces_2', 'consume_1_and_2_with_dataset_expressions', 'conditional_dataset_and_time_based_timetable', 'consume_1_or_2_with_dataset_expressions', 'dataset_consumes_1', 'dataset_consumes_1_and_2' retrieved from /home/airflow/.local/lib/python3.12/site-packages/airflow/example_dags/example_datasets.py
[2024-08-22T14:18:33.000+0000] {logging_mixin.py:188} INFO - [2024-08-22T14:18:33.000+0000] {dag.py:3089} INFO - Sync 10 DAGs
[2024-08-22T14:18:33.069+0000] {logging_mixin.py:188} INFO - [2024-08-22T14:18:33.069+0000] {dag.py:3947} INFO - Setting next_dagrun for conditional_dataset_and_time_based_timetable to 2024-08-21 01:00:00+00:00, run_after=2024-08-21 01:00:00+00:00
[2024-08-22T14:18:33.081+0000] {logging_mixin.py:188} INFO - [2024-08-22T14:18:33.081+0000] {dag.py:3947} INFO - Setting next_dagrun for consume_1_and_2_with_dataset_expressions to None, run_after=None
[2024-08-22T14:18:33.086+0000] {logging_mixin.py:188} INFO - [2024-08-22T14:18:33.085+0000] {dag.py:3947} INFO - Setting next_dagrun for consume_1_or_2_with_dataset_expressions to None, run_after=None
[2024-08-22T14:18:33.090+0000] {logging_mixin.py:188} INFO - [2024-08-22T14:18:33.089+0000] {dag.py:3947} INFO - Setting next_dagrun for consume_1_or_both_2_and_3_with_dataset_expressions to None, run_after=None
[2024-08-22T14:18:33.093+0000] {logging_mixin.py:188} INFO - [2024-08-22T14:18:33.093+0000] {dag.py:3947} INFO - Setting next_dagrun for dataset_consumes_1 to None, run_after=None
[2024-08-22T14:18:33.097+0000] {logging_mixin.py:188} INFO - [2024-08-22T14:18:33.096+0000] {dag.py:3947} INFO - Setting next_dagrun for dataset_consumes_1_and_2 to None, run_after=None
[2024-08-22T14:18:33.100+0000] {logging_mixin.py:188} INFO - [2024-08-22T14:18:33.100+0000] {dag.py:3947} INFO - Setting next_dagrun for dataset_consumes_1_never_scheduled to None, run_after=None
[2024-08-22T14:18:33.104+0000] {logging_mixin.py:188} INFO - [2024-08-22T14:18:33.104+0000] {dag.py:3947} INFO - Setting next_dagrun for dataset_consumes_unknown_never_scheduled to None, run_after=None
[2024-08-22T14:18:33.110+0000] {logging_mixin.py:188} INFO - [2024-08-22T14:18:33.110+0000] {dag.py:3947} INFO - Setting next_dagrun for dataset_produces_1 to 2024-08-21 00:00:00+00:00, run_after=2024-08-22 00:00:00+00:00
[2024-08-22T14:18:33.114+0000] {logging_mixin.py:188} INFO - [2024-08-22T14:18:33.113+0000] {dag.py:3947} INFO - Setting next_dagrun for dataset_produces_2 to None, run_after=None
[2024-08-22T14:18:33.194+0000] {processor.py:183} INFO - Processing /home/airflow/.local/lib/python3.12/site-packages/airflow/example_dags/example_datasets.py took 0.346 seconds
[2024-08-22T14:19:03.360+0000] {processor.py:161} INFO - Started process (PID=155) to work on /home/airflow/.local/lib/python3.12/site-packages/airflow/example_dags/example_datasets.py
[2024-08-22T14:19:03.362+0000] {processor.py:830} INFO - Processing file /home/airflow/.local/lib/python3.12/site-packages/airflow/example_dags/example_datasets.py for tasks to queue
[2024-08-22T14:19:03.366+0000] {logging_mixin.py:188} INFO - [2024-08-22T14:19:03.365+0000] {dagbag.py:545} INFO - Filling up the DagBag from /home/airflow/.local/lib/python3.12/site-packages/airflow/example_dags/example_datasets.py
[2024-08-22T14:19:03.395+0000] {processor.py:840} INFO - DAG(s) 'consume_1_or_both_2_and_3_with_dataset_expressions', 'consume_1_and_2_with_dataset_expressions', 'conditional_dataset_and_time_based_timetable', 'dataset_consumes_1_never_scheduled', 'dataset_consumes_1_and_2', 'dataset_consumes_1', 'dataset_produces_1', 'dataset_produces_2', 'dataset_consumes_unknown_never_scheduled', 'consume_1_or_2_with_dataset_expressions' retrieved from /home/airflow/.local/lib/python3.12/site-packages/airflow/example_dags/example_datasets.py
[2024-08-22T14:19:03.519+0000] {logging_mixin.py:188} INFO - [2024-08-22T14:19:03.518+0000] {dag.py:3089} INFO - Sync 10 DAGs
[2024-08-22T14:19:03.571+0000] {logging_mixin.py:188} INFO - [2024-08-22T14:19:03.570+0000] {dag.py:3947} INFO - Setting next_dagrun for conditional_dataset_and_time_based_timetable to 2024-08-21 01:00:00+00:00, run_after=2024-08-21 01:00:00+00:00
[2024-08-22T14:19:03.583+0000] {logging_mixin.py:188} INFO - [2024-08-22T14:19:03.583+0000] {dag.py:3947} INFO - Setting next_dagrun for consume_1_and_2_with_dataset_expressions to None, run_after=None
[2024-08-22T14:19:03.587+0000] {logging_mixin.py:188} INFO - [2024-08-22T14:19:03.587+0000] {dag.py:3947} INFO - Setting next_dagrun for consume_1_or_2_with_dataset_expressions to None, run_after=None
[2024-08-22T14:19:03.591+0000] {logging_mixin.py:188} INFO - [2024-08-22T14:19:03.591+0000] {dag.py:3947} INFO - Setting next_dagrun for consume_1_or_both_2_and_3_with_dataset_expressions to None, run_after=None
[2024-08-22T14:19:03.595+0000] {logging_mixin.py:188} INFO - [2024-08-22T14:19:03.594+0000] {dag.py:3947} INFO - Setting next_dagrun for dataset_consumes_1 to None, run_after=None
[2024-08-22T14:19:03.602+0000] {logging_mixin.py:188} INFO - [2024-08-22T14:19:03.601+0000] {dag.py:3947} INFO - Setting next_dagrun for dataset_consumes_1_and_2 to None, run_after=None
[2024-08-22T14:19:03.611+0000] {logging_mixin.py:188} INFO - [2024-08-22T14:19:03.609+0000] {dag.py:3947} INFO - Setting next_dagrun for dataset_consumes_1_never_scheduled to None, run_after=None
[2024-08-22T14:19:03.615+0000] {logging_mixin.py:188} INFO - [2024-08-22T14:19:03.615+0000] {dag.py:3947} INFO - Setting next_dagrun for dataset_consumes_unknown_never_scheduled to None, run_after=None
[2024-08-22T14:19:03.620+0000] {logging_mixin.py:188} INFO - [2024-08-22T14:19:03.620+0000] {dag.py:3947} INFO - Setting next_dagrun for dataset_produces_1 to 2024-08-21 00:00:00+00:00, run_after=2024-08-22 00:00:00+00:00
[2024-08-22T14:19:03.624+0000] {logging_mixin.py:188} INFO - [2024-08-22T14:19:03.623+0000] {dag.py:3947} INFO - Setting next_dagrun for dataset_produces_2 to None, run_after=None
[2024-08-22T14:19:05.256+0000] {processor.py:183} INFO - Processing /home/airflow/.local/lib/python3.12/site-packages/airflow/example_dags/example_datasets.py took 1.906 seconds
