[2024-08-22T14:17:59.927+0000] {processor.py:161} INFO - Started process (PID=46) to work on /home/airflow/.local/lib/python3.12/site-packages/airflow/example_dags/example_complex.py
[2024-08-22T14:17:59.928+0000] {processor.py:830} INFO - Processing file /home/airflow/.local/lib/python3.12/site-packages/airflow/example_dags/example_complex.py for tasks to queue
[2024-08-22T14:17:59.931+0000] {logging_mixin.py:188} INFO - [2024-08-22T14:17:59.931+0000] {dagbag.py:545} INFO - Filling up the DagBag from /home/airflow/.local/lib/python3.12/site-packages/airflow/example_dags/example_complex.py
[2024-08-22T14:17:59.955+0000] {processor.py:840} INFO - DAG(s) 'example_complex' retrieved from /home/airflow/.local/lib/python3.12/site-packages/airflow/example_dags/example_complex.py
[2024-08-22T14:18:00.306+0000] {logging_mixin.py:188} INFO - [2024-08-22T14:18:00.305+0000] {dag.py:3089} INFO - Sync 1 DAGs
[2024-08-22T14:18:00.329+0000] {logging_mixin.py:188} INFO - [2024-08-22T14:18:00.328+0000] {dag.py:3947} INFO - Setting next_dagrun for example_complex to None, run_after=None
[2024-08-22T14:18:00.374+0000] {processor.py:183} INFO - Processing /home/airflow/.local/lib/python3.12/site-packages/airflow/example_dags/example_complex.py took 0.455 seconds
[2024-08-22T14:18:32.856+0000] {processor.py:161} INFO - Started process (PID=104) to work on /home/airflow/.local/lib/python3.12/site-packages/airflow/example_dags/example_complex.py
[2024-08-22T14:18:32.859+0000] {processor.py:830} INFO - Processing file /home/airflow/.local/lib/python3.12/site-packages/airflow/example_dags/example_complex.py for tasks to queue
[2024-08-22T14:18:32.863+0000] {logging_mixin.py:188} INFO - [2024-08-22T14:18:32.863+0000] {dagbag.py:545} INFO - Filling up the DagBag from /home/airflow/.local/lib/python3.12/site-packages/airflow/example_dags/example_complex.py
[2024-08-22T14:18:32.896+0000] {processor.py:840} INFO - DAG(s) 'example_complex' retrieved from /home/airflow/.local/lib/python3.12/site-packages/airflow/example_dags/example_complex.py
[2024-08-22T14:18:32.960+0000] {logging_mixin.py:188} INFO - [2024-08-22T14:18:32.960+0000] {dag.py:3089} INFO - Sync 1 DAGs
[2024-08-22T14:18:32.985+0000] {logging_mixin.py:188} INFO - [2024-08-22T14:18:32.984+0000] {dag.py:3947} INFO - Setting next_dagrun for example_complex to None, run_after=None
[2024-08-22T14:18:33.044+0000] {processor.py:183} INFO - Processing /home/airflow/.local/lib/python3.12/site-packages/airflow/example_dags/example_complex.py took 0.197 seconds
[2024-08-22T14:19:03.362+0000] {processor.py:161} INFO - Started process (PID=156) to work on /home/airflow/.local/lib/python3.12/site-packages/airflow/example_dags/example_complex.py
[2024-08-22T14:19:03.364+0000] {processor.py:830} INFO - Processing file /home/airflow/.local/lib/python3.12/site-packages/airflow/example_dags/example_complex.py for tasks to queue
[2024-08-22T14:19:03.368+0000] {logging_mixin.py:188} INFO - [2024-08-22T14:19:03.367+0000] {dagbag.py:545} INFO - Filling up the DagBag from /home/airflow/.local/lib/python3.12/site-packages/airflow/example_dags/example_complex.py
[2024-08-22T14:19:03.390+0000] {processor.py:840} INFO - DAG(s) 'example_complex' retrieved from /home/airflow/.local/lib/python3.12/site-packages/airflow/example_dags/example_complex.py
[2024-08-22T14:19:03.469+0000] {logging_mixin.py:188} INFO - [2024-08-22T14:19:03.468+0000] {dag.py:3089} INFO - Sync 1 DAGs
[2024-08-22T14:19:03.499+0000] {logging_mixin.py:188} INFO - [2024-08-22T14:19:03.499+0000] {dag.py:3947} INFO - Setting next_dagrun for example_complex to None, run_after=None
[2024-08-22T14:19:05.083+0000] {processor.py:183} INFO - Processing /home/airflow/.local/lib/python3.12/site-packages/airflow/example_dags/example_complex.py took 1.730 seconds
