[2024-08-22T14:18:09.916+0000] {processor.py:161} INFO - Started process (PID=80) to work on /home/airflow/.local/lib/python3.12/site-packages/airflow/example_dags/example_subdag_operator.py
[2024-08-22T14:18:09.918+0000] {processor.py:830} INFO - Processing file /home/airflow/.local/lib/python3.12/site-packages/airflow/example_dags/example_subdag_operator.py for tasks to queue
[2024-08-22T14:18:09.922+0000] {logging_mixin.py:188} INFO - [2024-08-22T14:18:09.921+0000] {dagbag.py:545} INFO - Filling up the DagBag from /home/airflow/.local/lib/python3.12/site-packages/airflow/example_dags/example_subdag_operator.py
[2024-08-22T14:18:09.964+0000] {processor.py:840} INFO - DAG(s) 'example_subdag_operator.section-1', 'example_subdag_operator.section-2', 'example_subdag_operator' retrieved from /home/airflow/.local/lib/python3.12/site-packages/airflow/example_dags/example_subdag_operator.py
[2024-08-22T14:18:10.166+0000] {logging_mixin.py:188} INFO - [2024-08-22T14:18:10.166+0000] {dag.py:3089} INFO - Sync 3 DAGs
[2024-08-22T14:18:10.216+0000] {logging_mixin.py:188} INFO - [2024-08-22T14:18:10.216+0000] {dag.py:3947} INFO - Setting next_dagrun for example_subdag_operator to 2022-01-01 00:00:00+00:00, run_after=2022-01-01 00:00:00+00:00
[2024-08-22T14:18:10.227+0000] {logging_mixin.py:188} INFO - [2024-08-22T14:18:10.227+0000] {dag.py:3947} INFO - Setting next_dagrun for example_subdag_operator.section-1 to None, run_after=None
[2024-08-22T14:18:10.231+0000] {logging_mixin.py:188} INFO - [2024-08-22T14:18:10.230+0000] {dag.py:3947} INFO - Setting next_dagrun for example_subdag_operator.section-2 to None, run_after=None
[2024-08-22T14:18:10.263+0000] {logging_mixin.py:188} INFO - [2024-08-22T14:18:10.262+0000] {dag.py:3089} INFO - Sync 2 DAGs
[2024-08-22T14:18:10.286+0000] {logging_mixin.py:188} INFO - [2024-08-22T14:18:10.286+0000] {dag.py:3947} INFO - Setting next_dagrun for example_subdag_operator.section-1 to None, run_after=None
[2024-08-22T14:18:10.289+0000] {logging_mixin.py:188} INFO - [2024-08-22T14:18:10.288+0000] {dag.py:3947} INFO - Setting next_dagrun for example_subdag_operator.section-2 to None, run_after=None
[2024-08-22T14:18:10.319+0000] {processor.py:183} INFO - Processing /home/airflow/.local/lib/python3.12/site-packages/airflow/example_dags/example_subdag_operator.py took 0.412 seconds
[2024-08-22T14:18:43.437+0000] {processor.py:161} INFO - Started process (PID=132) to work on /home/airflow/.local/lib/python3.12/site-packages/airflow/example_dags/example_subdag_operator.py
[2024-08-22T14:18:43.439+0000] {processor.py:830} INFO - Processing file /home/airflow/.local/lib/python3.12/site-packages/airflow/example_dags/example_subdag_operator.py for tasks to queue
[2024-08-22T14:18:43.442+0000] {logging_mixin.py:188} INFO - [2024-08-22T14:18:43.441+0000] {dagbag.py:545} INFO - Filling up the DagBag from /home/airflow/.local/lib/python3.12/site-packages/airflow/example_dags/example_subdag_operator.py
[2024-08-22T14:18:43.490+0000] {processor.py:840} INFO - DAG(s) 'example_subdag_operator.section-1', 'example_subdag_operator.section-2', 'example_subdag_operator' retrieved from /home/airflow/.local/lib/python3.12/site-packages/airflow/example_dags/example_subdag_operator.py
[2024-08-22T14:18:43.522+0000] {logging_mixin.py:188} INFO - [2024-08-22T14:18:43.522+0000] {dag.py:3089} INFO - Sync 3 DAGs
[2024-08-22T14:18:43.569+0000] {logging_mixin.py:188} INFO - [2024-08-22T14:18:43.568+0000] {dag.py:3947} INFO - Setting next_dagrun for example_subdag_operator to 2022-01-01 00:00:00+00:00, run_after=2022-01-01 00:00:00+00:00
[2024-08-22T14:18:43.577+0000] {logging_mixin.py:188} INFO - [2024-08-22T14:18:43.576+0000] {dag.py:3947} INFO - Setting next_dagrun for example_subdag_operator.section-1 to None, run_after=None
[2024-08-22T14:18:43.580+0000] {logging_mixin.py:188} INFO - [2024-08-22T14:18:43.580+0000] {dag.py:3947} INFO - Setting next_dagrun for example_subdag_operator.section-2 to None, run_after=None
[2024-08-22T14:18:43.595+0000] {logging_mixin.py:188} INFO - [2024-08-22T14:18:43.595+0000] {dag.py:3089} INFO - Sync 2 DAGs
[2024-08-22T14:18:43.607+0000] {logging_mixin.py:188} INFO - [2024-08-22T14:18:43.607+0000] {dag.py:3947} INFO - Setting next_dagrun for example_subdag_operator.section-1 to None, run_after=None
[2024-08-22T14:18:43.609+0000] {logging_mixin.py:188} INFO - [2024-08-22T14:18:43.608+0000] {dag.py:3947} INFO - Setting next_dagrun for example_subdag_operator.section-2 to None, run_after=None
[2024-08-22T14:18:43.648+0000] {processor.py:183} INFO - Processing /home/airflow/.local/lib/python3.12/site-packages/airflow/example_dags/example_subdag_operator.py took 0.220 seconds
[2024-08-22T14:19:20.314+0000] {processor.py:161} INFO - Started process (PID=184) to work on /home/airflow/.local/lib/python3.12/site-packages/airflow/example_dags/example_subdag_operator.py
[2024-08-22T14:19:20.316+0000] {processor.py:830} INFO - Processing file /home/airflow/.local/lib/python3.12/site-packages/airflow/example_dags/example_subdag_operator.py for tasks to queue
[2024-08-22T14:19:20.319+0000] {logging_mixin.py:188} INFO - [2024-08-22T14:19:20.318+0000] {dagbag.py:545} INFO - Filling up the DagBag from /home/airflow/.local/lib/python3.12/site-packages/airflow/example_dags/example_subdag_operator.py
[2024-08-22T14:19:20.366+0000] {processor.py:840} INFO - DAG(s) 'example_subdag_operator.section-1', 'example_subdag_operator.section-2', 'example_subdag_operator' retrieved from /home/airflow/.local/lib/python3.12/site-packages/airflow/example_dags/example_subdag_operator.py
[2024-08-22T14:19:20.406+0000] {logging_mixin.py:188} INFO - [2024-08-22T14:19:20.405+0000] {dag.py:3089} INFO - Sync 3 DAGs
[2024-08-22T14:19:20.454+0000] {logging_mixin.py:188} INFO - [2024-08-22T14:19:20.453+0000] {dag.py:3947} INFO - Setting next_dagrun for example_subdag_operator to 2022-01-01 00:00:00+00:00, run_after=2022-01-01 00:00:00+00:00
[2024-08-22T14:19:20.466+0000] {logging_mixin.py:188} INFO - [2024-08-22T14:19:20.466+0000] {dag.py:3947} INFO - Setting next_dagrun for example_subdag_operator.section-1 to None, run_after=None
[2024-08-22T14:19:20.470+0000] {logging_mixin.py:188} INFO - [2024-08-22T14:19:20.469+0000] {dag.py:3947} INFO - Setting next_dagrun for example_subdag_operator.section-2 to None, run_after=None
[2024-08-22T14:19:20.488+0000] {logging_mixin.py:188} INFO - [2024-08-22T14:19:20.488+0000] {dag.py:3089} INFO - Sync 2 DAGs
[2024-08-22T14:19:20.502+0000] {logging_mixin.py:188} INFO - [2024-08-22T14:19:20.502+0000] {dag.py:3947} INFO - Setting next_dagrun for example_subdag_operator.section-1 to None, run_after=None
[2024-08-22T14:19:20.504+0000] {logging_mixin.py:188} INFO - [2024-08-22T14:19:20.503+0000] {dag.py:3947} INFO - Setting next_dagrun for example_subdag_operator.section-2 to None, run_after=None
[2024-08-22T14:19:20.531+0000] {processor.py:183} INFO - Processing /home/airflow/.local/lib/python3.12/site-packages/airflow/example_dags/example_subdag_operator.py took 0.228 seconds
