[2024-08-22T14:17:57.539+0000] {processor.py:161} INFO - Started process (PID=43) to work on /home/airflow/.local/lib/python3.12/site-packages/airflow/example_dags/example_bash_decorator.py
[2024-08-22T14:17:57.544+0000] {processor.py:830} INFO - Processing file /home/airflow/.local/lib/python3.12/site-packages/airflow/example_dags/example_bash_decorator.py for tasks to queue
[2024-08-22T14:17:57.549+0000] {logging_mixin.py:188} INFO - [2024-08-22T14:17:57.548+0000] {dagbag.py:545} INFO - Filling up the DagBag from /home/airflow/.local/lib/python3.12/site-packages/airflow/example_dags/example_bash_decorator.py
[2024-08-22T14:17:57.599+0000] {processor.py:840} INFO - DAG(s) 'example_bash_decorator' retrieved from /home/airflow/.local/lib/python3.12/site-packages/airflow/example_dags/example_bash_decorator.py
[2024-08-22T14:17:58.058+0000] {logging_mixin.py:188} INFO - [2024-08-22T14:17:58.057+0000] {dag.py:3089} INFO - Sync 1 DAGs
[2024-08-22T14:17:59.009+0000] {logging_mixin.py:188} INFO - [2024-08-22T14:17:59.008+0000] {dag.py:3947} INFO - Setting next_dagrun for example_bash_decorator to None, run_after=None
[2024-08-22T14:17:59.097+0000] {processor.py:183} INFO - Processing /home/airflow/.local/lib/python3.12/site-packages/airflow/example_dags/example_bash_decorator.py took 1.614 seconds
[2024-08-22T14:18:29.428+0000] {processor.py:161} INFO - Started process (PID=101) to work on /home/airflow/.local/lib/python3.12/site-packages/airflow/example_dags/example_bash_decorator.py
[2024-08-22T14:18:29.430+0000] {processor.py:830} INFO - Processing file /home/airflow/.local/lib/python3.12/site-packages/airflow/example_dags/example_bash_decorator.py for tasks to queue
[2024-08-22T14:18:29.433+0000] {logging_mixin.py:188} INFO - [2024-08-22T14:18:29.432+0000] {dagbag.py:545} INFO - Filling up the DagBag from /home/airflow/.local/lib/python3.12/site-packages/airflow/example_dags/example_bash_decorator.py
[2024-08-22T14:18:29.454+0000] {processor.py:840} INFO - DAG(s) 'example_bash_decorator' retrieved from /home/airflow/.local/lib/python3.12/site-packages/airflow/example_dags/example_bash_decorator.py
[2024-08-22T14:18:29.493+0000] {logging_mixin.py:188} INFO - [2024-08-22T14:18:29.493+0000] {dag.py:3089} INFO - Sync 1 DAGs
[2024-08-22T14:18:29.517+0000] {logging_mixin.py:188} INFO - [2024-08-22T14:18:29.516+0000] {dag.py:3947} INFO - Setting next_dagrun for example_bash_decorator to None, run_after=None
[2024-08-22T14:18:29.557+0000] {processor.py:183} INFO - Processing /home/airflow/.local/lib/python3.12/site-packages/airflow/example_dags/example_bash_decorator.py took 0.136 seconds
[2024-08-22T14:18:59.814+0000] {processor.py:161} INFO - Started process (PID=153) to work on /home/airflow/.local/lib/python3.12/site-packages/airflow/example_dags/example_bash_decorator.py
[2024-08-22T14:18:59.818+0000] {processor.py:830} INFO - Processing file /home/airflow/.local/lib/python3.12/site-packages/airflow/example_dags/example_bash_decorator.py for tasks to queue
[2024-08-22T14:18:59.822+0000] {logging_mixin.py:188} INFO - [2024-08-22T14:18:59.822+0000] {dagbag.py:545} INFO - Filling up the DagBag from /home/airflow/.local/lib/python3.12/site-packages/airflow/example_dags/example_bash_decorator.py
[2024-08-22T14:18:59.866+0000] {processor.py:840} INFO - DAG(s) 'example_bash_decorator' retrieved from /home/airflow/.local/lib/python3.12/site-packages/airflow/example_dags/example_bash_decorator.py
[2024-08-22T14:18:59.935+0000] {logging_mixin.py:188} INFO - [2024-08-22T14:18:59.935+0000] {dag.py:3089} INFO - Sync 1 DAGs
[2024-08-22T14:18:59.968+0000] {logging_mixin.py:188} INFO - [2024-08-22T14:18:59.967+0000] {dag.py:3947} INFO - Setting next_dagrun for example_bash_decorator to None, run_after=None
[2024-08-22T14:19:00.040+0000] {processor.py:183} INFO - Processing /home/airflow/.local/lib/python3.12/site-packages/airflow/example_dags/example_bash_decorator.py took 0.238 seconds
