[2024-08-22T14:18:02.080+0000] {processor.py:161} INFO - Started process (PID=52) to work on /home/airflow/.local/lib/python3.12/site-packages/airflow/example_dags/tutorial.py
[2024-08-22T14:18:02.082+0000] {processor.py:830} INFO - Processing file /home/airflow/.local/lib/python3.12/site-packages/airflow/example_dags/tutorial.py for tasks to queue
[2024-08-22T14:18:02.086+0000] {logging_mixin.py:188} INFO - [2024-08-22T14:18:02.085+0000] {dagbag.py:545} INFO - Filling up the DagBag from /home/airflow/.local/lib/python3.12/site-packages/airflow/example_dags/tutorial.py
[2024-08-22T14:18:02.101+0000] {processor.py:840} INFO - DAG(s) 'tutorial' retrieved from /home/airflow/.local/lib/python3.12/site-packages/airflow/example_dags/tutorial.py
[2024-08-22T14:18:02.362+0000] {logging_mixin.py:188} INFO - [2024-08-22T14:18:02.361+0000] {dag.py:3089} INFO - Sync 1 DAGs
[2024-08-22T14:18:02.413+0000] {logging_mixin.py:188} INFO - [2024-08-22T14:18:02.413+0000] {dag.py:3947} INFO - Setting next_dagrun for tutorial to 2024-08-21 00:00:00+00:00, run_after=2024-08-22 00:00:00+00:00
[2024-08-22T14:18:02.673+0000] {processor.py:183} INFO - Processing /home/airflow/.local/lib/python3.12/site-packages/airflow/example_dags/tutorial.py took 0.601 seconds
[2024-08-22T14:18:38.992+0000] {processor.py:161} INFO - Started process (PID=110) to work on /home/airflow/.local/lib/python3.12/site-packages/airflow/example_dags/tutorial.py
[2024-08-22T14:18:38.995+0000] {processor.py:830} INFO - Processing file /home/airflow/.local/lib/python3.12/site-packages/airflow/example_dags/tutorial.py for tasks to queue
[2024-08-22T14:18:38.998+0000] {logging_mixin.py:188} INFO - [2024-08-22T14:18:38.998+0000] {dagbag.py:545} INFO - Filling up the DagBag from /home/airflow/.local/lib/python3.12/site-packages/airflow/example_dags/tutorial.py
[2024-08-22T14:18:39.006+0000] {processor.py:840} INFO - DAG(s) 'tutorial' retrieved from /home/airflow/.local/lib/python3.12/site-packages/airflow/example_dags/tutorial.py
[2024-08-22T14:18:39.038+0000] {logging_mixin.py:188} INFO - [2024-08-22T14:18:39.037+0000] {dag.py:3089} INFO - Sync 1 DAGs
[2024-08-22T14:18:39.079+0000] {logging_mixin.py:188} INFO - [2024-08-22T14:18:39.078+0000] {dag.py:3947} INFO - Setting next_dagrun for tutorial to 2024-08-21 00:00:00+00:00, run_after=2024-08-22 00:00:00+00:00
[2024-08-22T14:18:39.256+0000] {processor.py:183} INFO - Processing /home/airflow/.local/lib/python3.12/site-packages/airflow/example_dags/tutorial.py took 0.271 seconds
[2024-08-22T14:19:09.344+0000] {processor.py:161} INFO - Started process (PID=162) to work on /home/airflow/.local/lib/python3.12/site-packages/airflow/example_dags/tutorial.py
[2024-08-22T14:19:09.346+0000] {processor.py:830} INFO - Processing file /home/airflow/.local/lib/python3.12/site-packages/airflow/example_dags/tutorial.py for tasks to queue
[2024-08-22T14:19:09.350+0000] {logging_mixin.py:188} INFO - [2024-08-22T14:19:09.349+0000] {dagbag.py:545} INFO - Filling up the DagBag from /home/airflow/.local/lib/python3.12/site-packages/airflow/example_dags/tutorial.py
[2024-08-22T14:19:09.361+0000] {processor.py:840} INFO - DAG(s) 'tutorial' retrieved from /home/airflow/.local/lib/python3.12/site-packages/airflow/example_dags/tutorial.py
[2024-08-22T14:19:09.398+0000] {logging_mixin.py:188} INFO - [2024-08-22T14:19:09.397+0000] {dag.py:3089} INFO - Sync 1 DAGs
[2024-08-22T14:19:09.458+0000] {logging_mixin.py:188} INFO - [2024-08-22T14:19:09.457+0000] {dag.py:3947} INFO - Setting next_dagrun for tutorial to 2024-08-21 00:00:00+00:00, run_after=2024-08-22 00:00:00+00:00
[2024-08-22T14:19:09.502+0000] {processor.py:183} INFO - Processing /home/airflow/.local/lib/python3.12/site-packages/airflow/example_dags/tutorial.py took 0.168 seconds
